<?xml version="1.0" encoding="UTF-8"?>
<testng-results ignored="0" total="62" passed="61" failed="1" skipped="0">
  <reporter-output>
  </reporter-output>
  <suite started-at="2024-04-16T13:47:55 CDT" name="Default suite" finished-at="2024-04-16T13:50:32 CDT" duration-ms="157720">
    <groups>
      <group name="cucumber">
        <method signature="AbstractTestNGCucumberTests.runScenario(io.cucumber.testng.PickleWrapper,io.cucumber.testng.FeatureWrapper)[pri:0, instance:parallel.TestNGRunner@43015c69]" name="runScenario" class="io.cucumber.testng.AbstractTestNGCucumberTests"/>
      </group> <!-- cucumber -->
    </groups>
    <test started-at="2024-04-16T13:47:55 CDT" name="Default test" finished-at="2024-04-16T13:50:32 CDT" duration-ms="157720">
      <class name="parallel.TestNGRunner">
        <test-method is-config="true" signature="defineBrowser(java.lang.String)[pri:0, instance:parallel.TestNGRunner@43015c69]" started-at="2024-04-16T13:47:55 CDT" name="defineBrowser" finished-at="2024-04-16T13:47:55 CDT" duration-ms="27" status="PASS">
          <params>
            <param index="0">
              <value>
                <![CDATA[edge]]>
              </value>
            </param>
          </params>
          <reporter-output>
          </reporter-output>
        </test-method> <!-- defineBrowser -->
        <test-method is-config="true" signature="setUpClass(org.testng.ITestContext)[pri:0, instance:parallel.TestNGRunner@43015c69]" started-at="2024-04-16T13:47:55 CDT" name="setUpClass" finished-at="2024-04-16T13:47:55 CDT" duration-ms="449" status="PASS">
          <params>
            <param index="0">
              <value>
                <![CDATA[org.testng.TestRunner@6345e7b9]]>
              </value>
            </param>
          </params>
          <reporter-output>
          </reporter-output>
        </test-method> <!-- setUpClass -->
        <test-method signature="runScenario(io.cucumber.testng.PickleWrapper,io.cucumber.testng.FeatureWrapper)[pri:0, instance:parallel.TestNGRunner@43015c69]" started-at="2024-04-16T13:47:55 CDT" name="runScenario" description="Runs Cucumber Scenarios" data-provider="scenarios" finished-at="2024-04-16T13:48:05 CDT" duration-ms="10352" status="PASS">
          <params>
            <param index="0">
              <value>
                <![CDATA["DataStructures Dropdown validation"]]>
              </value>
            </param>
            <param index="1">
              <value>
                <![CDATA["DS Indtroduction Home Page without logging into it"]]>
              </value>
            </param>
          </params>
          <reporter-output>
          </reporter-output>
        </test-method> <!-- runScenario -->
        <test-method signature="runScenario(io.cucumber.testng.PickleWrapper,io.cucumber.testng.FeatureWrapper)[pri:0, instance:parallel.TestNGRunner@43015c69]" started-at="2024-04-16T13:47:55 CDT" name="runScenario" description="Runs Cucumber Scenarios" data-provider="scenarios" finished-at="2024-04-16T13:48:01 CDT" duration-ms="6321" status="PASS">
          <params>
            <param index="0">
              <value>
                <![CDATA["GetStarted buttons of DataStructures"]]>
              </value>
            </param>
            <param index="1">
              <value>
                <![CDATA["DS Indtroduction Home Page without logging into it"]]>
              </value>
            </param>
          </params>
          <reporter-output>
          </reporter-output>
        </test-method> <!-- runScenario -->
        <test-method signature="runScenario(io.cucumber.testng.PickleWrapper,io.cucumber.testng.FeatureWrapper)[pri:0, instance:parallel.TestNGRunner@43015c69]" started-at="2024-04-16T13:47:55 CDT" name="runScenario" description="Runs Cucumber Scenarios" data-provider="scenarios" finished-at="2024-04-16T13:48:01 CDT" duration-ms="6323" status="PASS">
          <params>
            <param index="0">
              <value>
                <![CDATA["Register link on DS Home Page"]]>
              </value>
            </param>
            <param index="1">
              <value>
                <![CDATA["DS Indtroduction Home Page without logging into it"]]>
              </value>
            </param>
          </params>
          <reporter-output>
          </reporter-output>
        </test-method> <!-- runScenario -->
        <test-method signature="runScenario(io.cucumber.testng.PickleWrapper,io.cucumber.testng.FeatureWrapper)[pri:0, instance:parallel.TestNGRunner@43015c69]" started-at="2024-04-16T13:47:55 CDT" name="runScenario" description="Runs Cucumber Scenarios" data-provider="scenarios" finished-at="2024-04-16T13:48:02 CDT" duration-ms="7130" status="PASS">
          <params>
            <param index="0">
              <value>
                <![CDATA["DS Algo Get Started page"]]>
              </value>
            </param>
            <param index="1">
              <value>
                <![CDATA["Landing Page feature"]]>
              </value>
            </param>
          </params>
          <reporter-output>
          </reporter-output>
        </test-method> <!-- runScenario -->
        <test-method signature="runScenario(io.cucumber.testng.PickleWrapper,io.cucumber.testng.FeatureWrapper)[pri:0, instance:parallel.TestNGRunner@43015c69]" started-at="2024-04-16T13:47:55 CDT" name="runScenario" description="Runs Cucumber Scenarios" data-provider="scenarios" finished-at="2024-04-16T13:48:01 CDT" duration-ms="6021" status="PASS">
          <params>
            <param index="0">
              <value>
                <![CDATA["Browser page"]]>
              </value>
            </param>
            <param index="1">
              <value>
                <![CDATA["Landing Page feature"]]>
              </value>
            </param>
          </params>
          <reporter-output>
          </reporter-output>
        </test-method> <!-- runScenario -->
        <test-method signature="runScenario(io.cucumber.testng.PickleWrapper,io.cucumber.testng.FeatureWrapper)[pri:0, instance:parallel.TestNGRunner@43015c69]" started-at="2024-04-16T13:48:01 CDT" name="runScenario" description="Runs Cucumber Scenarios" data-provider="scenarios" finished-at="2024-04-16T13:48:06 CDT" duration-ms="4570" status="PASS">
          <params>
            <param index="0">
              <value>
                <![CDATA["SignIn link on DS Home Page"]]>
              </value>
            </param>
            <param index="1">
              <value>
                <![CDATA["DS Indtroduction Home Page without logging into it"]]>
              </value>
            </param>
          </params>
          <reporter-output>
          </reporter-output>
        </test-method> <!-- runScenario -->
        <test-method signature="runScenario(io.cucumber.testng.PickleWrapper,io.cucumber.testng.FeatureWrapper)[pri:0, instance:parallel.TestNGRunner@43015c69]" started-at="2024-04-16T13:48:01 CDT" name="runScenario" description="Runs Cucumber Scenarios" data-provider="scenarios" finished-at="2024-04-16T13:48:08 CDT" duration-ms="6133" status="PASS">
          <params>
            <param index="0">
              <value>
                <![CDATA["User Register Validation with empty input fields"]]>
              </value>
            </param>
            <param index="1">
              <value>
                <![CDATA["Test new user register functionality"]]>
              </value>
            </param>
          </params>
          <reporter-output>
          </reporter-output>
        </test-method> <!-- runScenario -->
        <test-method signature="runScenario(io.cucumber.testng.PickleWrapper,io.cucumber.testng.FeatureWrapper)[pri:0, instance:parallel.TestNGRunner@43015c69]" started-at="2024-04-16T13:48:01 CDT" name="runScenario" description="Runs Cucumber Scenarios" data-provider="scenarios" finished-at="2024-04-16T13:48:11 CDT" duration-ms="9469" status="PASS">
          <params>
            <param index="0">
              <value>
                <![CDATA["User Register validation with missing values in the input fields"]]>
              </value>
            </param>
            <param index="1">
              <value>
                <![CDATA["Test new user register functionality"]]>
              </value>
            </param>
          </params>
          <reporter-output>
          </reporter-output>
        </test-method> <!-- runScenario -->
        <test-method signature="runScenario(io.cucumber.testng.PickleWrapper,io.cucumber.testng.FeatureWrapper)[pri:0, instance:parallel.TestNGRunner@43015c69]" started-at="2024-04-16T13:48:02 CDT" name="runScenario" description="Runs Cucumber Scenarios" data-provider="scenarios" finished-at="2024-04-16T13:48:12 CDT" duration-ms="9329" status="PASS">
          <params>
            <param index="0">
              <value>
                <![CDATA["User Register validation with missing values in the input fields"]]>
              </value>
            </param>
            <param index="1">
              <value>
                <![CDATA["Test new user register functionality"]]>
              </value>
            </param>
          </params>
          <reporter-output>
          </reporter-output>
        </test-method> <!-- runScenario -->
        <test-method signature="runScenario(io.cucumber.testng.PickleWrapper,io.cucumber.testng.FeatureWrapper)[pri:0, instance:parallel.TestNGRunner@43015c69]" started-at="2024-04-16T13:48:05 CDT" name="runScenario" description="Runs Cucumber Scenarios" data-provider="scenarios" finished-at="2024-04-16T13:48:16 CDT" duration-ms="10094" status="PASS">
          <params>
            <param index="0">
              <value>
                <![CDATA["User Register validation with missing values in the input fields"]]>
              </value>
            </param>
            <param index="1">
              <value>
                <![CDATA["Test new user register functionality"]]>
              </value>
            </param>
          </params>
          <reporter-output>
          </reporter-output>
        </test-method> <!-- runScenario -->
        <test-method signature="runScenario(io.cucumber.testng.PickleWrapper,io.cucumber.testng.FeatureWrapper)[pri:0, instance:parallel.TestNGRunner@43015c69]" started-at="2024-04-16T13:48:06 CDT" name="runScenario" description="Runs Cucumber Scenarios" data-provider="scenarios" finished-at="2024-04-16T13:48:14 CDT" duration-ms="7708" status="PASS">
          <params>
            <param index="0">
              <value>
                <![CDATA["User Register validation with invalid values in the input fields"]]>
              </value>
            </param>
            <param index="1">
              <value>
                <![CDATA["Test new user register functionality"]]>
              </value>
            </param>
          </params>
          <reporter-output>
          </reporter-output>
        </test-method> <!-- runScenario -->
        <test-method signature="runScenario(io.cucumber.testng.PickleWrapper,io.cucumber.testng.FeatureWrapper)[pri:0, instance:parallel.TestNGRunner@43015c69]" started-at="2024-04-16T13:48:08 CDT" name="runScenario" description="Runs Cucumber Scenarios" data-provider="scenarios" finished-at="2024-04-16T13:48:15 CDT" duration-ms="7904" status="PASS">
          <params>
            <param index="0">
              <value>
                <![CDATA["User Register validation with invalid values in the input fields"]]>
              </value>
            </param>
            <param index="1">
              <value>
                <![CDATA["Test new user register functionality"]]>
              </value>
            </param>
          </params>
          <reporter-output>
          </reporter-output>
        </test-method> <!-- runScenario -->
        <test-method signature="runScenario(io.cucumber.testng.PickleWrapper,io.cucumber.testng.FeatureWrapper)[pri:0, instance:parallel.TestNGRunner@43015c69]" started-at="2024-04-16T13:48:11 CDT" name="runScenario" description="Runs Cucumber Scenarios" data-provider="scenarios" finished-at="2024-04-16T13:48:21 CDT" duration-ms="9778" status="PASS">
          <params>
            <param index="0">
              <value>
                <![CDATA["User Register validation with diferent values in the password and confirm password text fields"]]>
              </value>
            </param>
            <param index="1">
              <value>
                <![CDATA["Test new user register functionality"]]>
              </value>
            </param>
          </params>
          <reporter-output>
          </reporter-output>
        </test-method> <!-- runScenario -->
        <test-method signature="runScenario(io.cucumber.testng.PickleWrapper,io.cucumber.testng.FeatureWrapper)[pri:0, instance:parallel.TestNGRunner@43015c69]" started-at="2024-04-16T13:48:12 CDT" name="runScenario" description="Runs Cucumber Scenarios" data-provider="scenarios" finished-at="2024-04-16T13:48:15 CDT" duration-ms="3655" status="PASS">
          <params>
            <param index="0">
              <value>
                <![CDATA["Login page title"]]>
              </value>
            </param>
            <param index="1">
              <value>
                <![CDATA["SignIn Page Functionality"]]>
              </value>
            </param>
          </params>
          <reporter-output>
          </reporter-output>
        </test-method> <!-- runScenario -->
        <test-method signature="runScenario(io.cucumber.testng.PickleWrapper,io.cucumber.testng.FeatureWrapper)[pri:0, instance:parallel.TestNGRunner@43015c69]" started-at="2024-04-16T13:48:14 CDT" name="runScenario" description="Runs Cucumber Scenarios" data-provider="scenarios" finished-at="2024-04-16T13:48:20 CDT" duration-ms="6248" status="PASS">
          <params>
            <param index="0">
              <value>
                <![CDATA["Login with correct credentials"]]>
              </value>
            </param>
            <param index="1">
              <value>
                <![CDATA["SignIn Page Functionality"]]>
              </value>
            </param>
          </params>
          <reporter-output>
          </reporter-output>
        </test-method> <!-- runScenario -->
        <test-method signature="runScenario(io.cucumber.testng.PickleWrapper,io.cucumber.testng.FeatureWrapper)[pri:0, instance:parallel.TestNGRunner@43015c69]" started-at="2024-04-16T13:48:15 CDT" name="runScenario" description="Runs Cucumber Scenarios" data-provider="scenarios" finished-at="2024-04-16T13:48:22 CDT" duration-ms="6750" status="PASS">
          <params>
            <param index="0">
              <value>
                <![CDATA["Login Page Validation with Valid input"]]>
              </value>
            </param>
            <param index="1">
              <value>
                <![CDATA["SignIn Page Functionality"]]>
              </value>
            </param>
          </params>
          <reporter-output>
          </reporter-output>
        </test-method> <!-- runScenario -->
        <test-method signature="runScenario(io.cucumber.testng.PickleWrapper,io.cucumber.testng.FeatureWrapper)[pri:0, instance:parallel.TestNGRunner@43015c69]" started-at="2024-04-16T13:48:15 CDT" name="runScenario" description="Runs Cucumber Scenarios" data-provider="scenarios" finished-at="2024-04-16T13:48:21 CDT" duration-ms="5385" status="PASS">
          <params>
            <param index="0">
              <value>
                <![CDATA["Login Page Validation with Invaid input"]]>
              </value>
            </param>
            <param index="1">
              <value>
                <![CDATA["SignIn Page Functionality"]]>
              </value>
            </param>
          </params>
          <reporter-output>
          </reporter-output>
        </test-method> <!-- runScenario -->
        <test-method signature="runScenario(io.cucumber.testng.PickleWrapper,io.cucumber.testng.FeatureWrapper)[pri:0, instance:parallel.TestNGRunner@43015c69]" started-at="2024-04-16T13:48:16 CDT" name="runScenario" description="Runs Cucumber Scenarios" data-provider="scenarios" finished-at="2024-04-16T13:48:21 CDT" duration-ms="5128" status="PASS">
          <params>
            <param index="0">
              <value>
                <![CDATA["Login Page Validation with Invaid input"]]>
              </value>
            </param>
            <param index="1">
              <value>
                <![CDATA["SignIn Page Functionality"]]>
              </value>
            </param>
          </params>
          <reporter-output>
          </reporter-output>
        </test-method> <!-- runScenario -->
        <test-method signature="runScenario(io.cucumber.testng.PickleWrapper,io.cucumber.testng.FeatureWrapper)[pri:0, instance:parallel.TestNGRunner@43015c69]" started-at="2024-04-16T13:48:20 CDT" name="runScenario" description="Runs Cucumber Scenarios" data-provider="scenarios" finished-at="2024-04-16T13:48:27 CDT" duration-ms="7381" status="PASS">
          <params>
            <param index="0">
              <value>
                <![CDATA["Login Page Validation with Invaid input"]]>
              </value>
            </param>
            <param index="1">
              <value>
                <![CDATA["SignIn Page Functionality"]]>
              </value>
            </param>
          </params>
          <reporter-output>
          </reporter-output>
        </test-method> <!-- runScenario -->
        <test-method signature="runScenario(io.cucumber.testng.PickleWrapper,io.cucumber.testng.FeatureWrapper)[pri:0, instance:parallel.TestNGRunner@43015c69]" started-at="2024-04-16T13:48:21 CDT" name="runScenario" description="Runs Cucumber Scenarios" data-provider="scenarios" finished-at="2024-04-16T13:48:27 CDT" duration-ms="6724" status="PASS">
          <params>
            <param index="0">
              <value>
                <![CDATA["Login Page Validation with Invaid input1"]]>
              </value>
            </param>
            <param index="1">
              <value>
                <![CDATA["SignIn Page Functionality"]]>
              </value>
            </param>
          </params>
          <reporter-output>
          </reporter-output>
        </test-method> <!-- runScenario -->
        <test-method signature="runScenario(io.cucumber.testng.PickleWrapper,io.cucumber.testng.FeatureWrapper)[pri:0, instance:parallel.TestNGRunner@43015c69]" started-at="2024-04-16T13:48:21 CDT" name="runScenario" description="Runs Cucumber Scenarios" data-provider="scenarios" finished-at="2024-04-16T13:48:27 CDT" duration-ms="6609" status="PASS">
          <params>
            <param index="0">
              <value>
                <![CDATA["Login Page Validation with Invaid input1"]]>
              </value>
            </param>
            <param index="1">
              <value>
                <![CDATA["SignIn Page Functionality"]]>
              </value>
            </param>
          </params>
          <reporter-output>
          </reporter-output>
        </test-method> <!-- runScenario -->
        <test-method signature="runScenario(io.cucumber.testng.PickleWrapper,io.cucumber.testng.FeatureWrapper)[pri:0, instance:parallel.TestNGRunner@43015c69]" started-at="2024-04-16T13:48:21 CDT" name="runScenario" description="Runs Cucumber Scenarios" data-provider="scenarios" finished-at="2024-04-16T13:48:27 CDT" duration-ms="6628" status="PASS">
          <params>
            <param index="0">
              <value>
                <![CDATA["Login Page Validation with Invaid input1"]]>
              </value>
            </param>
            <param index="1">
              <value>
                <![CDATA["SignIn Page Functionality"]]>
              </value>
            </param>
          </params>
          <reporter-output>
          </reporter-output>
        </test-method> <!-- runScenario -->
        <test-method signature="runScenario(io.cucumber.testng.PickleWrapper,io.cucumber.testng.FeatureWrapper)[pri:0, instance:parallel.TestNGRunner@43015c69]" started-at="2024-04-16T13:48:22 CDT" name="runScenario" description="Runs Cucumber Scenarios" data-provider="scenarios" finished-at="2024-04-16T13:48:41 CDT" duration-ms="19167" status="PASS">
          <params>
            <param index="0">
              <value>
                <![CDATA["Try Editor validation for DS Intro with testcodes"]]>
              </value>
            </param>
            <param index="1">
              <value>
                <![CDATA["DSIntro Functionality with login"]]>
              </value>
            </param>
          </params>
          <reporter-output>
          </reporter-output>
        </test-method> <!-- runScenario -->
        <test-method signature="runScenario(io.cucumber.testng.PickleWrapper,io.cucumber.testng.FeatureWrapper)[pri:0, instance:parallel.TestNGRunner@43015c69]" started-at="2024-04-16T13:48:27 CDT" name="runScenario" description="Runs Cucumber Scenarios" data-provider="scenarios" finished-at="2024-04-16T13:48:46 CDT" duration-ms="18476" status="PASS">
          <params>
            <param index="0">
              <value>
                <![CDATA["Try Editor validation for Array with testcodes"]]>
              </value>
            </param>
            <param index="1">
              <value>
                <![CDATA["Array Functionality with login"]]>
              </value>
            </param>
          </params>
          <reporter-output>
          </reporter-output>
        </test-method> <!-- runScenario -->
        <test-method signature="runScenario(io.cucumber.testng.PickleWrapper,io.cucumber.testng.FeatureWrapper)[pri:0, instance:parallel.TestNGRunner@43015c69]" started-at="2024-04-16T13:48:27 CDT" name="runScenario" description="Runs Cucumber Scenarios" data-provider="scenarios" finished-at="2024-04-16T13:48:49 CDT" duration-ms="21978" status="PASS">
          <params>
            <param index="0">
              <value>
                <![CDATA["Try Editor validation for Array with testcodes"]]>
              </value>
            </param>
            <param index="1">
              <value>
                <![CDATA["Array Functionality with login"]]>
              </value>
            </param>
          </params>
          <reporter-output>
          </reporter-output>
        </test-method> <!-- runScenario -->
        <test-method signature="runScenario(io.cucumber.testng.PickleWrapper,io.cucumber.testng.FeatureWrapper)[pri:0, instance:parallel.TestNGRunner@43015c69]" started-at="2024-04-16T13:48:27 CDT" name="runScenario" description="Runs Cucumber Scenarios" data-provider="scenarios" finished-at="2024-04-16T13:48:49 CDT" duration-ms="21739" status="PASS">
          <params>
            <param index="0">
              <value>
                <![CDATA["Try Editor validation for Array with testcodes"]]>
              </value>
            </param>
            <param index="1">
              <value>
                <![CDATA["Array Functionality with login"]]>
              </value>
            </param>
          </params>
          <reporter-output>
          </reporter-output>
        </test-method> <!-- runScenario -->
        <test-method signature="runScenario(io.cucumber.testng.PickleWrapper,io.cucumber.testng.FeatureWrapper)[pri:0, instance:parallel.TestNGRunner@43015c69]" started-at="2024-04-16T13:48:27 CDT" name="runScenario" description="Runs Cucumber Scenarios" data-provider="scenarios" finished-at="2024-04-16T13:48:49 CDT" duration-ms="21304" status="PASS">
          <params>
            <param index="0">
              <value>
                <![CDATA["Try Editor validation for Array with testcodes"]]>
              </value>
            </param>
            <param index="1">
              <value>
                <![CDATA["Array Functionality with login"]]>
              </value>
            </param>
          </params>
          <reporter-output>
          </reporter-output>
        </test-method> <!-- runScenario -->
        <test-method signature="runScenario(io.cucumber.testng.PickleWrapper,io.cucumber.testng.FeatureWrapper)[pri:0, instance:parallel.TestNGRunner@43015c69]" started-at="2024-04-16T13:48:41 CDT" name="runScenario" description="Runs Cucumber Scenarios" data-provider="scenarios" finished-at="2024-04-16T13:48:49 CDT" duration-ms="7504" status="FAIL">
          <params>
            <param index="0">
              <value>
                <![CDATA["Practice Questions Validation with valid codes"]]>
              </value>
            </param>
            <param index="1">
              <value>
                <![CDATA["Array Functionality with login"]]>
              </value>
            </param>
          </params>
          <exception class="org.openqa.selenium.ElementNotInteractableException">
            <message>
              <![CDATA[element not interactable
  (Session info: chrome=123.0.6312.122)
Build info: version: '4.17.0', revision: 'e52b1be057*'
System info: os.name: 'Windows 11', os.arch: 'amd64', os.version: '10.0', java.version: '21.0.2'
Driver info: org.openqa.selenium.chrome.ChromeDriver
Command: [59c2dfc3327d4a2c81ab28a97405a1f9, sendKeysToElement {id=f.2AC42AE9344E9C780EE9B092347592BB.d.F5EEED944C4D7D612DDB787615551482.e.39, value=[Ljava.lang.CharSequence;@506df63a}]
Capabilities {acceptInsecureCerts: false, browserName: chrome, browserVersion: 123.0.6312.122, chrome: {chromedriverVersion: 123.0.6312.122 (31f8248cdd9..., userDataDir: C:\Users\rajes\AppData\Loca...}, fedcm:accounts: true, goog:chromeOptions: {debuggerAddress: localhost:54838}, networkConnectionEnabled: false, pageLoadStrategy: normal, platformName: windows, proxy: Proxy(), se:cdp: ws://localhost:54838/devtoo..., se:cdpVersion: 123.0.6312.122, setWindowRect: true, strictFileInteractability: false, timeouts: {implicit: 0, pageLoad: 300000, script: 30000}, unhandledPromptBehavior: dismiss and notify, webauthn:extension:credBlob: true, webauthn:extension:largeBlob: true, webauthn:extension:minPinLength: true, webauthn:extension:prf: true, webauthn:virtualAuthenticators: true}
Element: [[ChromeDriver: chrome on windows (59c2dfc3327d4a2c81ab28a97405a1f9)] -> xpath: //form[@id='answer_form']/div/div/div/textarea]
Session ID: 59c2dfc3327d4a2c81ab28a97405a1f9]]>
            </message>
            <full-stacktrace>
              <![CDATA[org.openqa.selenium.ElementNotInteractableException: element not interactable
  (Session info: chrome=123.0.6312.122)
Build info: version: '4.17.0', revision: 'e52b1be057*'
System info: os.name: 'Windows 11', os.arch: 'amd64', os.version: '10.0', java.version: '21.0.2'
Driver info: org.openqa.selenium.chrome.ChromeDriver
Command: [59c2dfc3327d4a2c81ab28a97405a1f9, sendKeysToElement {id=f.2AC42AE9344E9C780EE9B092347592BB.d.F5EEED944C4D7D612DDB787615551482.e.39, value=[Ljava.lang.CharSequence;@506df63a}]
Capabilities {acceptInsecureCerts: false, browserName: chrome, browserVersion: 123.0.6312.122, chrome: {chromedriverVersion: 123.0.6312.122 (31f8248cdd9..., userDataDir: C:\Users\rajes\AppData\Loca...}, fedcm:accounts: true, goog:chromeOptions: {debuggerAddress: localhost:54838}, networkConnectionEnabled: false, pageLoadStrategy: normal, platformName: windows, proxy: Proxy(), se:cdp: ws://localhost:54838/devtoo..., se:cdpVersion: 123.0.6312.122, setWindowRect: true, strictFileInteractability: false, timeouts: {implicit: 0, pageLoad: 300000, script: 30000}, unhandledPromptBehavior: dismiss and notify, webauthn:extension:credBlob: true, webauthn:extension:largeBlob: true, webauthn:extension:minPinLength: true, webauthn:extension:prf: true, webauthn:virtualAuthenticators: true}
Element: [[ChromeDriver: chrome on windows (59c2dfc3327d4a2c81ab28a97405a1f9)] -> xpath: //form[@id='answer_form']/div/div/div/textarea]
Session ID: 59c2dfc3327d4a2c81ab28a97405a1f9
at java.base/jdk.internal.reflect.DirectConstructorHandleAccessor.newInstance(DirectConstructorHandleAccessor.java:62)
at java.base/java.lang.reflect.Constructor.newInstanceWithCaller(Constructor.java:502)
at java.base/java.lang.reflect.Constructor.newInstance(Constructor.java:486)
at org.openqa.selenium.remote.codec.w3c.W3CHttpResponseCodec.createException(W3CHttpResponseCodec.java:185)
at org.openqa.selenium.remote.codec.w3c.W3CHttpResponseCodec.decode(W3CHttpResponseCodec.java:134)
at org.openqa.selenium.remote.codec.w3c.W3CHttpResponseCodec.decode(W3CHttpResponseCodec.java:51)
at org.openqa.selenium.remote.HttpCommandExecutor.execute(HttpCommandExecutor.java:190)
at org.openqa.selenium.remote.service.DriverCommandExecutor.invokeExecute(DriverCommandExecutor.java:216)
at org.openqa.selenium.remote.service.DriverCommandExecutor.execute(DriverCommandExecutor.java:174)
at org.openqa.selenium.remote.RemoteWebDriver.execute(RemoteWebDriver.java:519)
at org.openqa.selenium.remote.RemoteWebElement.execute(RemoteWebElement.java:223)
at org.openqa.selenium.remote.RemoteWebElement.sendKeys(RemoteWebElement.java:110)
at com.pages.ArrayPage.copyCode(ArrayPage.java:147)
at parallel.ArrayPageSteps.the_user_write_code_inPracQn_editor_from_sheetname_and_rownumber(ArrayPageSteps.java:135)
at ✽.The user write code in PracQn Editor from sheetname 'pythonCode' and rownumber 2(classpath:parallel/FF006_Arraypage.feature:45)
]]>
            </full-stacktrace>
          </exception> <!-- org.openqa.selenium.ElementNotInteractableException -->
          <reporter-output>
          </reporter-output>
        </test-method> <!-- runScenario -->
        <test-method signature="runScenario(io.cucumber.testng.PickleWrapper,io.cucumber.testng.FeatureWrapper)[pri:0, instance:parallel.TestNGRunner@43015c69]" started-at="2024-04-16T13:48:46 CDT" name="runScenario" description="Runs Cucumber Scenarios" data-provider="scenarios" finished-at="2024-04-16T13:48:57 CDT" duration-ms="11229" status="PASS">
          <params>
            <param index="0">
              <value>
                <![CDATA["Practice Questions Validation with valid codes"]]>
              </value>
            </param>
            <param index="1">
              <value>
                <![CDATA["Array Functionality with login"]]>
              </value>
            </param>
          </params>
          <reporter-output>
          </reporter-output>
        </test-method> <!-- runScenario -->
        <test-method signature="runScenario(io.cucumber.testng.PickleWrapper,io.cucumber.testng.FeatureWrapper)[pri:0, instance:parallel.TestNGRunner@43015c69]" started-at="2024-04-16T13:48:49 CDT" name="runScenario" description="Runs Cucumber Scenarios" data-provider="scenarios" finished-at="2024-04-16T13:49:00 CDT" duration-ms="11112" status="PASS">
          <params>
            <param index="0">
              <value>
                <![CDATA["Practice Questions Validation with valid codes"]]>
              </value>
            </param>
            <param index="1">
              <value>
                <![CDATA["Array Functionality with login"]]>
              </value>
            </param>
          </params>
          <reporter-output>
          </reporter-output>
        </test-method> <!-- runScenario -->
        <test-method signature="runScenario(io.cucumber.testng.PickleWrapper,io.cucumber.testng.FeatureWrapper)[pri:0, instance:parallel.TestNGRunner@43015c69]" started-at="2024-04-16T13:48:49 CDT" name="runScenario" description="Runs Cucumber Scenarios" data-provider="scenarios" finished-at="2024-04-16T13:49:00 CDT" duration-ms="10930" status="PASS">
          <params>
            <param index="0">
              <value>
                <![CDATA["Practice Questions Validation with valid codes"]]>
              </value>
            </param>
            <param index="1">
              <value>
                <![CDATA["Array Functionality with login"]]>
              </value>
            </param>
          </params>
          <reporter-output>
          </reporter-output>
        </test-method> <!-- runScenario -->
        <test-method signature="runScenario(io.cucumber.testng.PickleWrapper,io.cucumber.testng.FeatureWrapper)[pri:0, instance:parallel.TestNGRunner@43015c69]" started-at="2024-04-16T13:48:49 CDT" name="runScenario" description="Runs Cucumber Scenarios" data-provider="scenarios" finished-at="2024-04-16T13:49:06 CDT" duration-ms="16638" status="PASS">
          <params>
            <param index="0">
              <value>
                <![CDATA["Try Editor validation for DS Intro with testcodes"]]>
              </value>
            </param>
            <param index="1">
              <value>
                <![CDATA["Linkedlist Functionality with login"]]>
              </value>
            </param>
          </params>
          <reporter-output>
          </reporter-output>
        </test-method> <!-- runScenario -->
        <test-method signature="runScenario(io.cucumber.testng.PickleWrapper,io.cucumber.testng.FeatureWrapper)[pri:0, instance:parallel.TestNGRunner@43015c69]" started-at="2024-04-16T13:48:49 CDT" name="runScenario" description="Runs Cucumber Scenarios" data-provider="scenarios" finished-at="2024-04-16T13:49:05 CDT" duration-ms="15508" status="PASS">
          <params>
            <param index="0">
              <value>
                <![CDATA["Try Editor validation for DS Intro with testcodes"]]>
              </value>
            </param>
            <param index="1">
              <value>
                <![CDATA["Linkedlist Functionality with login"]]>
              </value>
            </param>
          </params>
          <reporter-output>
          </reporter-output>
        </test-method> <!-- runScenario -->
        <test-method signature="runScenario(io.cucumber.testng.PickleWrapper,io.cucumber.testng.FeatureWrapper)[pri:0, instance:parallel.TestNGRunner@43015c69]" started-at="2024-04-16T13:48:57 CDT" name="runScenario" description="Runs Cucumber Scenarios" data-provider="scenarios" finished-at="2024-04-16T13:49:12 CDT" duration-ms="14946" status="PASS">
          <params>
            <param index="0">
              <value>
                <![CDATA["Try Editor validation for DS Intro with testcodes"]]>
              </value>
            </param>
            <param index="1">
              <value>
                <![CDATA["Linkedlist Functionality with login"]]>
              </value>
            </param>
          </params>
          <reporter-output>
          </reporter-output>
        </test-method> <!-- runScenario -->
        <test-method signature="runScenario(io.cucumber.testng.PickleWrapper,io.cucumber.testng.FeatureWrapper)[pri:0, instance:parallel.TestNGRunner@43015c69]" started-at="2024-04-16T13:49:00 CDT" name="runScenario" description="Runs Cucumber Scenarios" data-provider="scenarios" finished-at="2024-04-16T13:49:16 CDT" duration-ms="16079" status="PASS">
          <params>
            <param index="0">
              <value>
                <![CDATA["Try Editor validation for DS Intro with testcodes"]]>
              </value>
            </param>
            <param index="1">
              <value>
                <![CDATA["Linkedlist Functionality with login"]]>
              </value>
            </param>
          </params>
          <reporter-output>
          </reporter-output>
        </test-method> <!-- runScenario -->
        <test-method signature="runScenario(io.cucumber.testng.PickleWrapper,io.cucumber.testng.FeatureWrapper)[pri:0, instance:parallel.TestNGRunner@43015c69]" started-at="2024-04-16T13:49:00 CDT" name="runScenario" description="Runs Cucumber Scenarios" data-provider="scenarios" finished-at="2024-04-16T13:49:15 CDT" duration-ms="15699" status="PASS">
          <params>
            <param index="0">
              <value>
                <![CDATA["Try Editor validation for DS Intro with testcodes"]]>
              </value>
            </param>
            <param index="1">
              <value>
                <![CDATA["Linkedlist Functionality with login"]]>
              </value>
            </param>
          </params>
          <reporter-output>
          </reporter-output>
        </test-method> <!-- runScenario -->
        <test-method signature="runScenario(io.cucumber.testng.PickleWrapper,io.cucumber.testng.FeatureWrapper)[pri:0, instance:parallel.TestNGRunner@43015c69]" started-at="2024-04-16T13:49:05 CDT" name="runScenario" description="Runs Cucumber Scenarios" data-provider="scenarios" finished-at="2024-04-16T13:49:20 CDT" duration-ms="15060" status="PASS">
          <params>
            <param index="0">
              <value>
                <![CDATA["Try Editor validation for DS Intro with testcodes"]]>
              </value>
            </param>
            <param index="1">
              <value>
                <![CDATA["Linkedlist Functionality with login"]]>
              </value>
            </param>
          </params>
          <reporter-output>
          </reporter-output>
        </test-method> <!-- runScenario -->
        <test-method signature="runScenario(io.cucumber.testng.PickleWrapper,io.cucumber.testng.FeatureWrapper)[pri:0, instance:parallel.TestNGRunner@43015c69]" started-at="2024-04-16T13:49:06 CDT" name="runScenario" description="Runs Cucumber Scenarios" data-provider="scenarios" finished-at="2024-04-16T13:49:19 CDT" duration-ms="13723" status="PASS">
          <params>
            <param index="0">
              <value>
                <![CDATA["Try Editor validation for DS Intro with testcodes"]]>
              </value>
            </param>
            <param index="1">
              <value>
                <![CDATA["Linkedlist Functionality with login"]]>
              </value>
            </param>
          </params>
          <reporter-output>
          </reporter-output>
        </test-method> <!-- runScenario -->
        <test-method signature="runScenario(io.cucumber.testng.PickleWrapper,io.cucumber.testng.FeatureWrapper)[pri:0, instance:parallel.TestNGRunner@43015c69]" started-at="2024-04-16T13:49:12 CDT" name="runScenario" description="Runs Cucumber Scenarios" data-provider="scenarios" finished-at="2024-04-16T13:49:26 CDT" duration-ms="14206" status="PASS">
          <params>
            <param index="0">
              <value>
                <![CDATA["Try Editor validation for DS Intro with testcodes"]]>
              </value>
            </param>
            <param index="1">
              <value>
                <![CDATA["Stack Functionality with login"]]>
              </value>
            </param>
          </params>
          <reporter-output>
          </reporter-output>
        </test-method> <!-- runScenario -->
        <test-method signature="runScenario(io.cucumber.testng.PickleWrapper,io.cucumber.testng.FeatureWrapper)[pri:0, instance:parallel.TestNGRunner@43015c69]" started-at="2024-04-16T13:49:15 CDT" name="runScenario" description="Runs Cucumber Scenarios" data-provider="scenarios" finished-at="2024-04-16T13:49:28 CDT" duration-ms="12965" status="PASS">
          <params>
            <param index="0">
              <value>
                <![CDATA["Try Editor validation for DS Intro with testcodes"]]>
              </value>
            </param>
            <param index="1">
              <value>
                <![CDATA["Stack Functionality with login"]]>
              </value>
            </param>
          </params>
          <reporter-output>
          </reporter-output>
        </test-method> <!-- runScenario -->
        <test-method signature="runScenario(io.cucumber.testng.PickleWrapper,io.cucumber.testng.FeatureWrapper)[pri:0, instance:parallel.TestNGRunner@43015c69]" started-at="2024-04-16T13:49:16 CDT" name="runScenario" description="Runs Cucumber Scenarios" data-provider="scenarios" finished-at="2024-04-16T13:49:34 CDT" duration-ms="17992" status="PASS">
          <params>
            <param index="0">
              <value>
                <![CDATA["Try Editor validation for DS Intro with testcodes"]]>
              </value>
            </param>
            <param index="1">
              <value>
                <![CDATA["Stack Functionality with login"]]>
              </value>
            </param>
          </params>
          <reporter-output>
          </reporter-output>
        </test-method> <!-- runScenario -->
        <test-method signature="runScenario(io.cucumber.testng.PickleWrapper,io.cucumber.testng.FeatureWrapper)[pri:0, instance:parallel.TestNGRunner@43015c69]" started-at="2024-04-16T13:49:20 CDT" name="runScenario" description="Runs Cucumber Scenarios" data-provider="scenarios" finished-at="2024-04-16T13:49:34 CDT" duration-ms="14680" status="PASS">
          <params>
            <param index="0">
              <value>
                <![CDATA["Try Editor validation for DS Intro with testcodes"]]>
              </value>
            </param>
            <param index="1">
              <value>
                <![CDATA["Queue Functionality with login"]]>
              </value>
            </param>
          </params>
          <reporter-output>
          </reporter-output>
        </test-method> <!-- runScenario -->
        <test-method signature="runScenario(io.cucumber.testng.PickleWrapper,io.cucumber.testng.FeatureWrapper)[pri:0, instance:parallel.TestNGRunner@43015c69]" started-at="2024-04-16T13:49:20 CDT" name="runScenario" description="Runs Cucumber Scenarios" data-provider="scenarios" finished-at="2024-04-16T13:49:37 CDT" duration-ms="16841" status="PASS">
          <params>
            <param index="0">
              <value>
                <![CDATA["Try Editor validation for DS Intro with testcodes"]]>
              </value>
            </param>
            <param index="1">
              <value>
                <![CDATA["Queue Functionality with login"]]>
              </value>
            </param>
          </params>
          <reporter-output>
          </reporter-output>
        </test-method> <!-- runScenario -->
        <test-method signature="runScenario(io.cucumber.testng.PickleWrapper,io.cucumber.testng.FeatureWrapper)[pri:0, instance:parallel.TestNGRunner@43015c69]" started-at="2024-04-16T13:49:26 CDT" name="runScenario" description="Runs Cucumber Scenarios" data-provider="scenarios" finished-at="2024-04-16T13:49:40 CDT" duration-ms="14456" status="PASS">
          <params>
            <param index="0">
              <value>
                <![CDATA["Try Editor validation for DS Intro with testcodes"]]>
              </value>
            </param>
            <param index="1">
              <value>
                <![CDATA["Queue Functionality with login"]]>
              </value>
            </param>
          </params>
          <reporter-output>
          </reporter-output>
        </test-method> <!-- runScenario -->
        <test-method signature="runScenario(io.cucumber.testng.PickleWrapper,io.cucumber.testng.FeatureWrapper)[pri:0, instance:parallel.TestNGRunner@43015c69]" started-at="2024-04-16T13:49:28 CDT" name="runScenario" description="Runs Cucumber Scenarios" data-provider="scenarios" finished-at="2024-04-16T13:49:44 CDT" duration-ms="15855" status="PASS">
          <params>
            <param index="0">
              <value>
                <![CDATA["Try Editor validation for DS Intro with testcodes"]]>
              </value>
            </param>
            <param index="1">
              <value>
                <![CDATA["Queue Functionality with login"]]>
              </value>
            </param>
          </params>
          <reporter-output>
          </reporter-output>
        </test-method> <!-- runScenario -->
        <test-method signature="runScenario(io.cucumber.testng.PickleWrapper,io.cucumber.testng.FeatureWrapper)[pri:0, instance:parallel.TestNGRunner@43015c69]" started-at="2024-04-16T13:49:34 CDT" name="runScenario" description="Runs Cucumber Scenarios" data-provider="scenarios" finished-at="2024-04-16T13:49:52 CDT" duration-ms="17786" status="PASS">
          <params>
            <param index="0">
              <value>
                <![CDATA["Try Editor validation for DS Intro with testcodes"]]>
              </value>
            </param>
            <param index="1">
              <value>
                <![CDATA["Tree Functionality with login"]]>
              </value>
            </param>
          </params>
          <reporter-output>
          </reporter-output>
        </test-method> <!-- runScenario -->
        <test-method signature="runScenario(io.cucumber.testng.PickleWrapper,io.cucumber.testng.FeatureWrapper)[pri:0, instance:parallel.TestNGRunner@43015c69]" started-at="2024-04-16T13:49:34 CDT" name="runScenario" description="Runs Cucumber Scenarios" data-provider="scenarios" finished-at="2024-04-16T13:49:48 CDT" duration-ms="13767" status="PASS">
          <params>
            <param index="0">
              <value>
                <![CDATA["Try Editor validation for DS Intro with testcodes"]]>
              </value>
            </param>
            <param index="1">
              <value>
                <![CDATA["Tree Functionality with login"]]>
              </value>
            </param>
          </params>
          <reporter-output>
          </reporter-output>
        </test-method> <!-- runScenario -->
        <test-method signature="runScenario(io.cucumber.testng.PickleWrapper,io.cucumber.testng.FeatureWrapper)[pri:0, instance:parallel.TestNGRunner@43015c69]" started-at="2024-04-16T13:49:37 CDT" name="runScenario" description="Runs Cucumber Scenarios" data-provider="scenarios" finished-at="2024-04-16T13:49:52 CDT" duration-ms="14866" status="PASS">
          <params>
            <param index="0">
              <value>
                <![CDATA["Try Editor validation for DS Intro with testcodes"]]>
              </value>
            </param>
            <param index="1">
              <value>
                <![CDATA["Tree Functionality with login"]]>
              </value>
            </param>
          </params>
          <reporter-output>
          </reporter-output>
        </test-method> <!-- runScenario -->
        <test-method signature="runScenario(io.cucumber.testng.PickleWrapper,io.cucumber.testng.FeatureWrapper)[pri:0, instance:parallel.TestNGRunner@43015c69]" started-at="2024-04-16T13:49:40 CDT" name="runScenario" description="Runs Cucumber Scenarios" data-provider="scenarios" finished-at="2024-04-16T13:49:57 CDT" duration-ms="16140" status="PASS">
          <params>
            <param index="0">
              <value>
                <![CDATA["Try Editor validation for DS Intro with testcodes"]]>
              </value>
            </param>
            <param index="1">
              <value>
                <![CDATA["Tree Functionality with login"]]>
              </value>
            </param>
          </params>
          <reporter-output>
          </reporter-output>
        </test-method> <!-- runScenario -->
        <test-method signature="runScenario(io.cucumber.testng.PickleWrapper,io.cucumber.testng.FeatureWrapper)[pri:0, instance:parallel.TestNGRunner@43015c69]" started-at="2024-04-16T13:49:44 CDT" name="runScenario" description="Runs Cucumber Scenarios" data-provider="scenarios" finished-at="2024-04-16T13:50:00 CDT" duration-ms="15469" status="PASS">
          <params>
            <param index="0">
              <value>
                <![CDATA["Try Editor validation for DS Intro with testcodes"]]>
              </value>
            </param>
            <param index="1">
              <value>
                <![CDATA["Tree Functionality with login"]]>
              </value>
            </param>
          </params>
          <reporter-output>
          </reporter-output>
        </test-method> <!-- runScenario -->
        <test-method signature="runScenario(io.cucumber.testng.PickleWrapper,io.cucumber.testng.FeatureWrapper)[pri:0, instance:parallel.TestNGRunner@43015c69]" started-at="2024-04-16T13:49:48 CDT" name="runScenario" description="Runs Cucumber Scenarios" data-provider="scenarios" finished-at="2024-04-16T13:50:04 CDT" duration-ms="15839" status="PASS">
          <params>
            <param index="0">
              <value>
                <![CDATA["Try Editor validation for DS Intro with testcodes"]]>
              </value>
            </param>
            <param index="1">
              <value>
                <![CDATA["Tree Functionality with login"]]>
              </value>
            </param>
          </params>
          <reporter-output>
          </reporter-output>
        </test-method> <!-- runScenario -->
        <test-method signature="runScenario(io.cucumber.testng.PickleWrapper,io.cucumber.testng.FeatureWrapper)[pri:0, instance:parallel.TestNGRunner@43015c69]" started-at="2024-04-16T13:49:52 CDT" name="runScenario" description="Runs Cucumber Scenarios" data-provider="scenarios" finished-at="2024-04-16T13:50:07 CDT" duration-ms="15387" status="PASS">
          <params>
            <param index="0">
              <value>
                <![CDATA["Try Editor validation for DS Intro with testcodes"]]>
              </value>
            </param>
            <param index="1">
              <value>
                <![CDATA["Tree Functionality with login"]]>
              </value>
            </param>
          </params>
          <reporter-output>
          </reporter-output>
        </test-method> <!-- runScenario -->
        <test-method signature="runScenario(io.cucumber.testng.PickleWrapper,io.cucumber.testng.FeatureWrapper)[pri:0, instance:parallel.TestNGRunner@43015c69]" started-at="2024-04-16T13:49:52 CDT" name="runScenario" description="Runs Cucumber Scenarios" data-provider="scenarios" finished-at="2024-04-16T13:50:07 CDT" duration-ms="15349" status="PASS">
          <params>
            <param index="0">
              <value>
                <![CDATA["Try Editor validation for DS Intro with testcodes"]]>
              </value>
            </param>
            <param index="1">
              <value>
                <![CDATA["Tree Functionality with login"]]>
              </value>
            </param>
          </params>
          <reporter-output>
          </reporter-output>
        </test-method> <!-- runScenario -->
        <test-method signature="runScenario(io.cucumber.testng.PickleWrapper,io.cucumber.testng.FeatureWrapper)[pri:0, instance:parallel.TestNGRunner@43015c69]" started-at="2024-04-16T13:49:57 CDT" name="runScenario" description="Runs Cucumber Scenarios" data-provider="scenarios" finished-at="2024-04-16T13:50:12 CDT" duration-ms="15539" status="PASS">
          <params>
            <param index="0">
              <value>
                <![CDATA["Try Editor validation for DS Intro with testcodes"]]>
              </value>
            </param>
            <param index="1">
              <value>
                <![CDATA["Tree Functionality with login"]]>
              </value>
            </param>
          </params>
          <reporter-output>
          </reporter-output>
        </test-method> <!-- runScenario -->
        <test-method signature="runScenario(io.cucumber.testng.PickleWrapper,io.cucumber.testng.FeatureWrapper)[pri:0, instance:parallel.TestNGRunner@43015c69]" started-at="2024-04-16T13:50:00 CDT" name="runScenario" description="Runs Cucumber Scenarios" data-provider="scenarios" finished-at="2024-04-16T13:50:15 CDT" duration-ms="15668" status="PASS">
          <params>
            <param index="0">
              <value>
                <![CDATA["Try Editor validation for DS Intro with testcodes"]]>
              </value>
            </param>
            <param index="1">
              <value>
                <![CDATA["Tree Functionality with login"]]>
              </value>
            </param>
          </params>
          <reporter-output>
          </reporter-output>
        </test-method> <!-- runScenario -->
        <test-method signature="runScenario(io.cucumber.testng.PickleWrapper,io.cucumber.testng.FeatureWrapper)[pri:0, instance:parallel.TestNGRunner@43015c69]" started-at="2024-04-16T13:50:04 CDT" name="runScenario" description="Runs Cucumber Scenarios" data-provider="scenarios" finished-at="2024-04-16T13:50:19 CDT" duration-ms="14901" status="PASS">
          <params>
            <param index="0">
              <value>
                <![CDATA["Try Editor validation for DS Intro with testcodes"]]>
              </value>
            </param>
            <param index="1">
              <value>
                <![CDATA["Tree Functionality with login"]]>
              </value>
            </param>
          </params>
          <reporter-output>
          </reporter-output>
        </test-method> <!-- runScenario -->
        <test-method signature="runScenario(io.cucumber.testng.PickleWrapper,io.cucumber.testng.FeatureWrapper)[pri:0, instance:parallel.TestNGRunner@43015c69]" started-at="2024-04-16T13:50:07 CDT" name="runScenario" description="Runs Cucumber Scenarios" data-provider="scenarios" finished-at="2024-04-16T13:50:23 CDT" duration-ms="15894" status="PASS">
          <params>
            <param index="0">
              <value>
                <![CDATA["Try Editor validation for DS Intro with testcodes"]]>
              </value>
            </param>
            <param index="1">
              <value>
                <![CDATA["Tree Functionality with login"]]>
              </value>
            </param>
          </params>
          <reporter-output>
          </reporter-output>
        </test-method> <!-- runScenario -->
        <test-method signature="runScenario(io.cucumber.testng.PickleWrapper,io.cucumber.testng.FeatureWrapper)[pri:0, instance:parallel.TestNGRunner@43015c69]" started-at="2024-04-16T13:50:07 CDT" name="runScenario" description="Runs Cucumber Scenarios" data-provider="scenarios" finished-at="2024-04-16T13:50:22 CDT" duration-ms="15536" status="PASS">
          <params>
            <param index="0">
              <value>
                <![CDATA["Try Editor validation for DS Intro with testcodes"]]>
              </value>
            </param>
            <param index="1">
              <value>
                <![CDATA["Tree Functionality with login"]]>
              </value>
            </param>
          </params>
          <reporter-output>
          </reporter-output>
        </test-method> <!-- runScenario -->
        <test-method signature="runScenario(io.cucumber.testng.PickleWrapper,io.cucumber.testng.FeatureWrapper)[pri:0, instance:parallel.TestNGRunner@43015c69]" started-at="2024-04-16T13:50:12 CDT" name="runScenario" description="Runs Cucumber Scenarios" data-provider="scenarios" finished-at="2024-04-16T13:50:25 CDT" duration-ms="13038" status="PASS">
          <params>
            <param index="0">
              <value>
                <![CDATA["Try Editor validation for DS Intro with testcodes"]]>
              </value>
            </param>
            <param index="1">
              <value>
                <![CDATA["Graph Functionality with login"]]>
              </value>
            </param>
          </params>
          <reporter-output>
          </reporter-output>
        </test-method> <!-- runScenario -->
        <test-method signature="runScenario(io.cucumber.testng.PickleWrapper,io.cucumber.testng.FeatureWrapper)[pri:0, instance:parallel.TestNGRunner@43015c69]" started-at="2024-04-16T13:50:15 CDT" name="runScenario" description="Runs Cucumber Scenarios" data-provider="scenarios" finished-at="2024-04-16T13:50:29 CDT" duration-ms="13525" status="PASS">
          <params>
            <param index="0">
              <value>
                <![CDATA["Try Editor validation for DS Intro with testcodes"]]>
              </value>
            </param>
            <param index="1">
              <value>
                <![CDATA["Graph Functionality with login"]]>
              </value>
            </param>
          </params>
          <reporter-output>
          </reporter-output>
        </test-method> <!-- runScenario -->
        <test-method signature="runScenario(io.cucumber.testng.PickleWrapper,io.cucumber.testng.FeatureWrapper)[pri:0, instance:parallel.TestNGRunner@43015c69]" started-at="2024-04-16T13:50:19 CDT" name="runScenario" description="Runs Cucumber Scenarios" data-provider="scenarios" finished-at="2024-04-16T13:50:22 CDT" duration-ms="2987" status="PASS">
          <params>
            <param index="0">
              <value>
                <![CDATA["Login page title"]]>
              </value>
            </param>
            <param index="1">
              <value>
                <![CDATA["Login Page feature"]]>
              </value>
            </param>
          </params>
          <reporter-output>
          </reporter-output>
        </test-method> <!-- runScenario -->
        <test-method signature="runScenario(io.cucumber.testng.PickleWrapper,io.cucumber.testng.FeatureWrapper)[pri:0, instance:parallel.TestNGRunner@43015c69]" started-at="2024-04-16T13:50:22 CDT" name="runScenario" description="Runs Cucumber Scenarios" data-provider="scenarios" finished-at="2024-04-16T13:50:25 CDT" duration-ms="3384" status="PASS">
          <params>
            <param index="0">
              <value>
                <![CDATA["Login with correct credentials"]]>
              </value>
            </param>
            <param index="1">
              <value>
                <![CDATA["Login Page feature"]]>
              </value>
            </param>
          </params>
          <reporter-output>
          </reporter-output>
        </test-method> <!-- runScenario -->
        <test-method is-config="true" signature="tearDownClass()[pri:0, instance:parallel.TestNGRunner@43015c69]" started-at="2024-04-16T13:50:29 CDT" name="tearDownClass" finished-at="2024-04-16T13:50:32 CDT" duration-ms="3290" status="PASS">
          <reporter-output>
          </reporter-output>
        </test-method> <!-- tearDownClass -->
      </class> <!-- parallel.TestNGRunner -->
    </test> <!-- Default test -->
  </suite> <!-- Default suite -->
</testng-results>
