<?xml version="1.0" encoding="UTF-8"?>
<testng-results ignored="0" total="60" passed="60" failed="0" skipped="0">
  <reporter-output>
  </reporter-output>
  <suite started-at="2024-04-22T09:14:54 CDT" name="Default suite" finished-at="2024-04-22T09:17:15 CDT" duration-ms="140911">
    <groups>
      <group name="cucumber">
        <method signature="AbstractTestNGCucumberTests.runScenario(io.cucumber.testng.PickleWrapper,io.cucumber.testng.FeatureWrapper)[pri:0, instance:parallel.TestNGRunner@407a7f2a]" name="runScenario" class="io.cucumber.testng.AbstractTestNGCucumberTests"/>
      </group> <!-- cucumber -->
    </groups>
    <test started-at="2024-04-22T09:14:54 CDT" name="Default test" finished-at="2024-04-22T09:17:15 CDT" duration-ms="140911">
      <class name="parallel.TestNGRunner">
        <test-method is-config="true" signature="defineBrowser(java.lang.String)[pri:0, instance:parallel.TestNGRunner@407a7f2a]" started-at="2024-04-22T09:14:54 CDT" name="defineBrowser" finished-at="2024-04-22T09:14:54 CDT" duration-ms="20" status="PASS">
          <params>
            <param index="0">
              <value>
                <![CDATA[chrome]]>
              </value>
            </param>
          </params>
          <reporter-output>
          </reporter-output>
        </test-method> <!-- defineBrowser -->
        <test-method is-config="true" signature="setUpClass(org.testng.ITestContext)[pri:0, instance:parallel.TestNGRunner@407a7f2a]" started-at="2024-04-22T09:14:54 CDT" name="setUpClass" finished-at="2024-04-22T09:14:55 CDT" duration-ms="649" status="PASS">
          <params>
            <param index="0">
              <value>
                <![CDATA[org.testng.TestRunner@5c748168]]>
              </value>
            </param>
          </params>
          <reporter-output>
          </reporter-output>
        </test-method> <!-- setUpClass -->
        <test-method signature="runScenario(io.cucumber.testng.PickleWrapper,io.cucumber.testng.FeatureWrapper)[pri:0, instance:parallel.TestNGRunner@407a7f2a]" started-at="2024-04-22T09:14:55 CDT" name="runScenario" description="Runs Cucumber Scenarios" data-provider="scenarios" finished-at="2024-04-22T09:15:03 CDT" duration-ms="8625" status="PASS">
          <params>
            <param index="0">
              <value>
                <![CDATA["DataStructures Dropdown validation"]]>
              </value>
            </param>
            <param index="1">
              <value>
                <![CDATA["DS Indtroduction Home Page without logging into it"]]>
              </value>
            </param>
          </params>
          <reporter-output>
          </reporter-output>
        </test-method> <!-- runScenario -->
        <test-method signature="runScenario(io.cucumber.testng.PickleWrapper,io.cucumber.testng.FeatureWrapper)[pri:0, instance:parallel.TestNGRunner@407a7f2a]" started-at="2024-04-22T09:14:55 CDT" name="runScenario" description="Runs Cucumber Scenarios" data-provider="scenarios" finished-at="2024-04-22T09:15:03 CDT" duration-ms="8471" status="PASS">
          <params>
            <param index="0">
              <value>
                <![CDATA["DS Algo Get Started page"]]>
              </value>
            </param>
            <param index="1">
              <value>
                <![CDATA["Landing Page feature"]]>
              </value>
            </param>
          </params>
          <reporter-output>
          </reporter-output>
        </test-method> <!-- runScenario -->
        <test-method signature="runScenario(io.cucumber.testng.PickleWrapper,io.cucumber.testng.FeatureWrapper)[pri:0, instance:parallel.TestNGRunner@407a7f2a]" started-at="2024-04-22T09:14:55 CDT" name="runScenario" description="Runs Cucumber Scenarios" data-provider="scenarios" finished-at="2024-04-22T09:15:03 CDT" duration-ms="8623" status="PASS">
          <params>
            <param index="0">
              <value>
                <![CDATA["GetStarted buttons of DataStructures"]]>
              </value>
            </param>
            <param index="1">
              <value>
                <![CDATA["DS Indtroduction Home Page without logging into it"]]>
              </value>
            </param>
          </params>
          <reporter-output>
          </reporter-output>
        </test-method> <!-- runScenario -->
        <test-method signature="runScenario(io.cucumber.testng.PickleWrapper,io.cucumber.testng.FeatureWrapper)[pri:0, instance:parallel.TestNGRunner@407a7f2a]" started-at="2024-04-22T09:14:55 CDT" name="runScenario" description="Runs Cucumber Scenarios" data-provider="scenarios" finished-at="2024-04-22T09:15:07 CDT" duration-ms="12795" status="PASS">
          <params>
            <param index="0">
              <value>
                <![CDATA["Register link on DS Home Page"]]>
              </value>
            </param>
            <param index="1">
              <value>
                <![CDATA["DS Indtroduction Home Page without logging into it"]]>
              </value>
            </param>
          </params>
          <reporter-output>
          </reporter-output>
        </test-method> <!-- runScenario -->
        <test-method signature="runScenario(io.cucumber.testng.PickleWrapper,io.cucumber.testng.FeatureWrapper)[pri:0, instance:parallel.TestNGRunner@407a7f2a]" started-at="2024-04-22T09:14:55 CDT" name="runScenario" description="Runs Cucumber Scenarios" data-provider="scenarios" finished-at="2024-04-22T09:15:03 CDT" duration-ms="8022" status="PASS">
          <params>
            <param index="0">
              <value>
                <![CDATA["Browser page"]]>
              </value>
            </param>
            <param index="1">
              <value>
                <![CDATA["Landing Page feature"]]>
              </value>
            </param>
          </params>
          <reporter-output>
          </reporter-output>
        </test-method> <!-- runScenario -->
        <test-method signature="runScenario(io.cucumber.testng.PickleWrapper,io.cucumber.testng.FeatureWrapper)[pri:0, instance:parallel.TestNGRunner@407a7f2a]" started-at="2024-04-22T09:15:03 CDT" name="runScenario" description="Runs Cucumber Scenarios" data-provider="scenarios" finished-at="2024-04-22T09:15:11 CDT" duration-ms="8225" status="PASS">
          <params>
            <param index="0">
              <value>
                <![CDATA["SignIn link on DS Home Page"]]>
              </value>
            </param>
            <param index="1">
              <value>
                <![CDATA["DS Indtroduction Home Page without logging into it"]]>
              </value>
            </param>
          </params>
          <reporter-output>
          </reporter-output>
        </test-method> <!-- runScenario -->
        <test-method signature="runScenario(io.cucumber.testng.PickleWrapper,io.cucumber.testng.FeatureWrapper)[pri:0, instance:parallel.TestNGRunner@407a7f2a]" started-at="2024-04-22T09:15:03 CDT" name="runScenario" description="Runs Cucumber Scenarios" data-provider="scenarios" finished-at="2024-04-22T09:15:11 CDT" duration-ms="8242" status="PASS">
          <params>
            <param index="0">
              <value>
                <![CDATA["User Register Validation with empty input fields"]]>
              </value>
            </param>
            <param index="1">
              <value>
                <![CDATA["Test new user register functionality"]]>
              </value>
            </param>
          </params>
          <reporter-output>
          </reporter-output>
        </test-method> <!-- runScenario -->
        <test-method signature="runScenario(io.cucumber.testng.PickleWrapper,io.cucumber.testng.FeatureWrapper)[pri:0, instance:parallel.TestNGRunner@407a7f2a]" started-at="2024-04-22T09:15:03 CDT" name="runScenario" description="Runs Cucumber Scenarios" data-provider="scenarios" finished-at="2024-04-22T09:15:10 CDT" duration-ms="6311" status="PASS">
          <params>
            <param index="0">
              <value>
                <![CDATA["User Register Validation with empty input fields"]]>
              </value>
            </param>
            <param index="1">
              <value>
                <![CDATA["Test new user register functionality"]]>
              </value>
            </param>
          </params>
          <reporter-output>
          </reporter-output>
        </test-method> <!-- runScenario -->
        <test-method signature="runScenario(io.cucumber.testng.PickleWrapper,io.cucumber.testng.FeatureWrapper)[pri:0, instance:parallel.TestNGRunner@407a7f2a]" started-at="2024-04-22T09:15:03 CDT" name="runScenario" description="Runs Cucumber Scenarios" data-provider="scenarios" finished-at="2024-04-22T09:15:10 CDT" duration-ms="6422" status="PASS">
          <params>
            <param index="0">
              <value>
                <![CDATA["User Register Validation with empty input fields"]]>
              </value>
            </param>
            <param index="1">
              <value>
                <![CDATA["Test new user register functionality"]]>
              </value>
            </param>
          </params>
          <reporter-output>
          </reporter-output>
        </test-method> <!-- runScenario -->
        <test-method signature="runScenario(io.cucumber.testng.PickleWrapper,io.cucumber.testng.FeatureWrapper)[pri:0, instance:parallel.TestNGRunner@407a7f2a]" started-at="2024-04-22T09:15:07 CDT" name="runScenario" description="Runs Cucumber Scenarios" data-provider="scenarios" finished-at="2024-04-22T09:15:13 CDT" duration-ms="5858" status="PASS">
          <params>
            <param index="0">
              <value>
                <![CDATA["User Register Validation with empty input fields"]]>
              </value>
            </param>
            <param index="1">
              <value>
                <![CDATA["Test new user register functionality"]]>
              </value>
            </param>
          </params>
          <reporter-output>
          </reporter-output>
        </test-method> <!-- runScenario -->
        <test-method signature="runScenario(io.cucumber.testng.PickleWrapper,io.cucumber.testng.FeatureWrapper)[pri:0, instance:parallel.TestNGRunner@407a7f2a]" started-at="2024-04-22T09:15:10 CDT" name="runScenario" description="Runs Cucumber Scenarios" data-provider="scenarios" finished-at="2024-04-22T09:15:21 CDT" duration-ms="11340" status="PASS">
          <params>
            <param index="0">
              <value>
                <![CDATA["User Register validation with invalid values in the input fields"]]>
              </value>
            </param>
            <param index="1">
              <value>
                <![CDATA["Test new user register functionality"]]>
              </value>
            </param>
          </params>
          <reporter-output>
          </reporter-output>
        </test-method> <!-- runScenario -->
        <test-method signature="runScenario(io.cucumber.testng.PickleWrapper,io.cucumber.testng.FeatureWrapper)[pri:0, instance:parallel.TestNGRunner@407a7f2a]" started-at="2024-04-22T09:15:10 CDT" name="runScenario" description="Runs Cucumber Scenarios" data-provider="scenarios" finished-at="2024-04-22T09:15:17 CDT" duration-ms="6975" status="PASS">
          <params>
            <param index="0">
              <value>
                <![CDATA["User Register validation with invalid values in the input fields"]]>
              </value>
            </param>
            <param index="1">
              <value>
                <![CDATA["Test new user register functionality"]]>
              </value>
            </param>
          </params>
          <reporter-output>
          </reporter-output>
        </test-method> <!-- runScenario -->
        <test-method signature="runScenario(io.cucumber.testng.PickleWrapper,io.cucumber.testng.FeatureWrapper)[pri:0, instance:parallel.TestNGRunner@407a7f2a]" started-at="2024-04-22T09:15:11 CDT" name="runScenario" description="Runs Cucumber Scenarios" data-provider="scenarios" finished-at="2024-04-22T09:15:23 CDT" duration-ms="11448" status="PASS">
          <params>
            <param index="0">
              <value>
                <![CDATA["User Register validation with invalid values in the input fields"]]>
              </value>
            </param>
            <param index="1">
              <value>
                <![CDATA["Test new user register functionality"]]>
              </value>
            </param>
          </params>
          <reporter-output>
          </reporter-output>
        </test-method> <!-- runScenario -->
        <test-method signature="runScenario(io.cucumber.testng.PickleWrapper,io.cucumber.testng.FeatureWrapper)[pri:0, instance:parallel.TestNGRunner@407a7f2a]" started-at="2024-04-22T09:15:11 CDT" name="runScenario" description="Runs Cucumber Scenarios" data-provider="scenarios" finished-at="2024-04-22T09:15:15 CDT" duration-ms="3754" status="PASS">
          <params>
            <param index="0">
              <value>
                <![CDATA["Login page title"]]>
              </value>
            </param>
            <param index="1">
              <value>
                <![CDATA["SignIn Page Functionality"]]>
              </value>
            </param>
          </params>
          <reporter-output>
          </reporter-output>
        </test-method> <!-- runScenario -->
        <test-method signature="runScenario(io.cucumber.testng.PickleWrapper,io.cucumber.testng.FeatureWrapper)[pri:0, instance:parallel.TestNGRunner@407a7f2a]" started-at="2024-04-22T09:15:13 CDT" name="runScenario" description="Runs Cucumber Scenarios" data-provider="scenarios" finished-at="2024-04-22T09:15:22 CDT" duration-ms="8889" status="PASS">
          <params>
            <param index="0">
              <value>
                <![CDATA["Login with correct credentials"]]>
              </value>
            </param>
            <param index="1">
              <value>
                <![CDATA["SignIn Page Functionality"]]>
              </value>
            </param>
          </params>
          <reporter-output>
          </reporter-output>
        </test-method> <!-- runScenario -->
        <test-method signature="runScenario(io.cucumber.testng.PickleWrapper,io.cucumber.testng.FeatureWrapper)[pri:0, instance:parallel.TestNGRunner@407a7f2a]" started-at="2024-04-22T09:15:15 CDT" name="runScenario" description="Runs Cucumber Scenarios" data-provider="scenarios" finished-at="2024-04-22T09:15:22 CDT" duration-ms="7209" status="PASS">
          <params>
            <param index="0">
              <value>
                <![CDATA["Login Page Validation with Valid input"]]>
              </value>
            </param>
            <param index="1">
              <value>
                <![CDATA["SignIn Page Functionality"]]>
              </value>
            </param>
          </params>
          <reporter-output>
          </reporter-output>
        </test-method> <!-- runScenario -->
        <test-method signature="runScenario(io.cucumber.testng.PickleWrapper,io.cucumber.testng.FeatureWrapper)[pri:0, instance:parallel.TestNGRunner@407a7f2a]" started-at="2024-04-22T09:15:17 CDT" name="runScenario" description="Runs Cucumber Scenarios" data-provider="scenarios" finished-at="2024-04-22T09:15:25 CDT" duration-ms="8452" status="PASS">
          <params>
            <param index="0">
              <value>
                <![CDATA["Login Page Validation with Invaid input"]]>
              </value>
            </param>
            <param index="1">
              <value>
                <![CDATA["SignIn Page Functionality"]]>
              </value>
            </param>
          </params>
          <reporter-output>
          </reporter-output>
        </test-method> <!-- runScenario -->
        <test-method signature="runScenario(io.cucumber.testng.PickleWrapper,io.cucumber.testng.FeatureWrapper)[pri:0, instance:parallel.TestNGRunner@407a7f2a]" started-at="2024-04-22T09:15:21 CDT" name="runScenario" description="Runs Cucumber Scenarios" data-provider="scenarios" finished-at="2024-04-22T09:15:25 CDT" duration-ms="4327" status="PASS">
          <params>
            <param index="0">
              <value>
                <![CDATA["Login Page Validation with Invaid input"]]>
              </value>
            </param>
            <param index="1">
              <value>
                <![CDATA["SignIn Page Functionality"]]>
              </value>
            </param>
          </params>
          <reporter-output>
          </reporter-output>
        </test-method> <!-- runScenario -->
        <test-method signature="runScenario(io.cucumber.testng.PickleWrapper,io.cucumber.testng.FeatureWrapper)[pri:0, instance:parallel.TestNGRunner@407a7f2a]" started-at="2024-04-22T09:15:22 CDT" name="runScenario" description="Runs Cucumber Scenarios" data-provider="scenarios" finished-at="2024-04-22T09:15:31 CDT" duration-ms="8839" status="PASS">
          <params>
            <param index="0">
              <value>
                <![CDATA["Login Page Validation with Invaid input"]]>
              </value>
            </param>
            <param index="1">
              <value>
                <![CDATA["SignIn Page Functionality"]]>
              </value>
            </param>
          </params>
          <reporter-output>
          </reporter-output>
        </test-method> <!-- runScenario -->
        <test-method signature="runScenario(io.cucumber.testng.PickleWrapper,io.cucumber.testng.FeatureWrapper)[pri:0, instance:parallel.TestNGRunner@407a7f2a]" started-at="2024-04-22T09:15:22 CDT" name="runScenario" description="Runs Cucumber Scenarios" data-provider="scenarios" finished-at="2024-04-22T09:15:29 CDT" duration-ms="6504" status="PASS">
          <params>
            <param index="0">
              <value>
                <![CDATA["Login Page Validation with Invaid input"]]>
              </value>
            </param>
            <param index="1">
              <value>
                <![CDATA["SignIn Page Functionality"]]>
              </value>
            </param>
          </params>
          <reporter-output>
          </reporter-output>
        </test-method> <!-- runScenario -->
        <test-method signature="runScenario(io.cucumber.testng.PickleWrapper,io.cucumber.testng.FeatureWrapper)[pri:0, instance:parallel.TestNGRunner@407a7f2a]" started-at="2024-04-22T09:15:23 CDT" name="runScenario" description="Runs Cucumber Scenarios" data-provider="scenarios" finished-at="2024-04-22T09:15:31 CDT" duration-ms="8311" status="PASS">
          <params>
            <param index="0">
              <value>
                <![CDATA["Login Page Validation with Invaid input"]]>
              </value>
            </param>
            <param index="1">
              <value>
                <![CDATA["SignIn Page Functionality"]]>
              </value>
            </param>
          </params>
          <reporter-output>
          </reporter-output>
        </test-method> <!-- runScenario -->
        <test-method signature="runScenario(io.cucumber.testng.PickleWrapper,io.cucumber.testng.FeatureWrapper)[pri:0, instance:parallel.TestNGRunner@407a7f2a]" started-at="2024-04-22T09:15:25 CDT" name="runScenario" description="Runs Cucumber Scenarios" data-provider="scenarios" finished-at="2024-04-22T09:15:33 CDT" duration-ms="8248" status="PASS">
          <params>
            <param index="0">
              <value>
                <![CDATA["Login Page Validation with Invaid input"]]>
              </value>
            </param>
            <param index="1">
              <value>
                <![CDATA["SignIn Page Functionality"]]>
              </value>
            </param>
          </params>
          <reporter-output>
          </reporter-output>
        </test-method> <!-- runScenario -->
        <test-method signature="runScenario(io.cucumber.testng.PickleWrapper,io.cucumber.testng.FeatureWrapper)[pri:0, instance:parallel.TestNGRunner@407a7f2a]" started-at="2024-04-22T09:15:25 CDT" name="runScenario" description="Runs Cucumber Scenarios" data-provider="scenarios" finished-at="2024-04-22T09:15:42 CDT" duration-ms="16274" status="PASS">
          <params>
            <param index="0">
              <value>
                <![CDATA["Try Editor validation for DS Intro with testcodes"]]>
              </value>
            </param>
            <param index="1">
              <value>
                <![CDATA["DSIntro Functionality with login"]]>
              </value>
            </param>
          </params>
          <reporter-output>
          </reporter-output>
        </test-method> <!-- runScenario -->
        <test-method signature="runScenario(io.cucumber.testng.PickleWrapper,io.cucumber.testng.FeatureWrapper)[pri:0, instance:parallel.TestNGRunner@407a7f2a]" started-at="2024-04-22T09:15:29 CDT" name="runScenario" description="Runs Cucumber Scenarios" data-provider="scenarios" finished-at="2024-04-22T09:15:42 CDT" duration-ms="13352" status="PASS">
          <params>
            <param index="0">
              <value>
                <![CDATA["Try Editor validation for Array with testcodes"]]>
              </value>
            </param>
            <param index="1">
              <value>
                <![CDATA["Array Functionality with login"]]>
              </value>
            </param>
          </params>
          <reporter-output>
          </reporter-output>
        </test-method> <!-- runScenario -->
        <test-method signature="runScenario(io.cucumber.testng.PickleWrapper,io.cucumber.testng.FeatureWrapper)[pri:0, instance:parallel.TestNGRunner@407a7f2a]" started-at="2024-04-22T09:15:31 CDT" name="runScenario" description="Runs Cucumber Scenarios" data-provider="scenarios" finished-at="2024-04-22T09:15:45 CDT" duration-ms="13752" status="PASS">
          <params>
            <param index="0">
              <value>
                <![CDATA["Try Editor validation for Array with testcodes"]]>
              </value>
            </param>
            <param index="1">
              <value>
                <![CDATA["Array Functionality with login"]]>
              </value>
            </param>
          </params>
          <reporter-output>
          </reporter-output>
        </test-method> <!-- runScenario -->
        <test-method signature="runScenario(io.cucumber.testng.PickleWrapper,io.cucumber.testng.FeatureWrapper)[pri:0, instance:parallel.TestNGRunner@407a7f2a]" started-at="2024-04-22T09:15:31 CDT" name="runScenario" description="Runs Cucumber Scenarios" data-provider="scenarios" finished-at="2024-04-22T09:15:44 CDT" duration-ms="13398" status="PASS">
          <params>
            <param index="0">
              <value>
                <![CDATA["Try Editor validation for Array with testcodes"]]>
              </value>
            </param>
            <param index="1">
              <value>
                <![CDATA["Array Functionality with login"]]>
              </value>
            </param>
          </params>
          <reporter-output>
          </reporter-output>
        </test-method> <!-- runScenario -->
        <test-method signature="runScenario(io.cucumber.testng.PickleWrapper,io.cucumber.testng.FeatureWrapper)[pri:0, instance:parallel.TestNGRunner@407a7f2a]" started-at="2024-04-22T09:15:33 CDT" name="runScenario" description="Runs Cucumber Scenarios" data-provider="scenarios" finished-at="2024-04-22T09:15:47 CDT" duration-ms="13846" status="PASS">
          <params>
            <param index="0">
              <value>
                <![CDATA["Try Editor validation for Array with testcodes"]]>
              </value>
            </param>
            <param index="1">
              <value>
                <![CDATA["Array Functionality with login"]]>
              </value>
            </param>
          </params>
          <reporter-output>
          </reporter-output>
        </test-method> <!-- runScenario -->
        <test-method signature="runScenario(io.cucumber.testng.PickleWrapper,io.cucumber.testng.FeatureWrapper)[pri:0, instance:parallel.TestNGRunner@407a7f2a]" started-at="2024-04-22T09:15:42 CDT" name="runScenario" description="Runs Cucumber Scenarios" data-provider="scenarios" finished-at="2024-04-22T09:15:51 CDT" duration-ms="8979" status="PASS">
          <params>
            <param index="0">
              <value>
                <![CDATA["Practice Questions Validation with valid codes"]]>
              </value>
            </param>
            <param index="1">
              <value>
                <![CDATA["Array Functionality with login"]]>
              </value>
            </param>
          </params>
          <reporter-output>
          </reporter-output>
        </test-method> <!-- runScenario -->
        <test-method signature="runScenario(io.cucumber.testng.PickleWrapper,io.cucumber.testng.FeatureWrapper)[pri:0, instance:parallel.TestNGRunner@407a7f2a]" started-at="2024-04-22T09:15:42 CDT" name="runScenario" description="Runs Cucumber Scenarios" data-provider="scenarios" finished-at="2024-04-22T09:15:53 CDT" duration-ms="10982" status="PASS">
          <params>
            <param index="0">
              <value>
                <![CDATA["Practice Questions Validation with valid codes"]]>
              </value>
            </param>
            <param index="1">
              <value>
                <![CDATA["Array Functionality with login"]]>
              </value>
            </param>
          </params>
          <reporter-output>
          </reporter-output>
        </test-method> <!-- runScenario -->
        <test-method signature="runScenario(io.cucumber.testng.PickleWrapper,io.cucumber.testng.FeatureWrapper)[pri:0, instance:parallel.TestNGRunner@407a7f2a]" started-at="2024-04-22T09:15:44 CDT" name="runScenario" description="Runs Cucumber Scenarios" data-provider="scenarios" finished-at="2024-04-22T09:15:55 CDT" duration-ms="10763" status="PASS">
          <params>
            <param index="0">
              <value>
                <![CDATA["Practice Questions Validation with valid codes"]]>
              </value>
            </param>
            <param index="1">
              <value>
                <![CDATA["Array Functionality with login"]]>
              </value>
            </param>
          </params>
          <reporter-output>
          </reporter-output>
        </test-method> <!-- runScenario -->
        <test-method signature="runScenario(io.cucumber.testng.PickleWrapper,io.cucumber.testng.FeatureWrapper)[pri:0, instance:parallel.TestNGRunner@407a7f2a]" started-at="2024-04-22T09:15:45 CDT" name="runScenario" description="Runs Cucumber Scenarios" data-provider="scenarios" finished-at="2024-04-22T09:15:55 CDT" duration-ms="10377" status="PASS">
          <params>
            <param index="0">
              <value>
                <![CDATA["Practice Questions Validation with valid codes"]]>
              </value>
            </param>
            <param index="1">
              <value>
                <![CDATA["Array Functionality with login"]]>
              </value>
            </param>
          </params>
          <reporter-output>
          </reporter-output>
        </test-method> <!-- runScenario -->
        <test-method signature="runScenario(io.cucumber.testng.PickleWrapper,io.cucumber.testng.FeatureWrapper)[pri:0, instance:parallel.TestNGRunner@407a7f2a]" started-at="2024-04-22T09:15:47 CDT" name="runScenario" description="Runs Cucumber Scenarios" data-provider="scenarios" finished-at="2024-04-22T09:16:00 CDT" duration-ms="13133" status="PASS">
          <params>
            <param index="0">
              <value>
                <![CDATA["Try Editor validation for Linkedlist with testcodes"]]>
              </value>
            </param>
            <param index="1">
              <value>
                <![CDATA["Linkedlist Functionality with login"]]>
              </value>
            </param>
          </params>
          <reporter-output>
          </reporter-output>
        </test-method> <!-- runScenario -->
        <test-method signature="runScenario(io.cucumber.testng.PickleWrapper,io.cucumber.testng.FeatureWrapper)[pri:0, instance:parallel.TestNGRunner@407a7f2a]" started-at="2024-04-22T09:15:51 CDT" name="runScenario" description="Runs Cucumber Scenarios" data-provider="scenarios" finished-at="2024-04-22T09:16:04 CDT" duration-ms="13730" status="PASS">
          <params>
            <param index="0">
              <value>
                <![CDATA["Try Editor validation for Linkedlist with testcodes"]]>
              </value>
            </param>
            <param index="1">
              <value>
                <![CDATA["Linkedlist Functionality with login"]]>
              </value>
            </param>
          </params>
          <reporter-output>
          </reporter-output>
        </test-method> <!-- runScenario -->
        <test-method signature="runScenario(io.cucumber.testng.PickleWrapper,io.cucumber.testng.FeatureWrapper)[pri:0, instance:parallel.TestNGRunner@407a7f2a]" started-at="2024-04-22T09:15:53 CDT" name="runScenario" description="Runs Cucumber Scenarios" data-provider="scenarios" finished-at="2024-04-22T09:16:06 CDT" duration-ms="13135" status="PASS">
          <params>
            <param index="0">
              <value>
                <![CDATA["Try Editor validation for Linkedlist with testcodes"]]>
              </value>
            </param>
            <param index="1">
              <value>
                <![CDATA["Linkedlist Functionality with login"]]>
              </value>
            </param>
          </params>
          <reporter-output>
          </reporter-output>
        </test-method> <!-- runScenario -->
        <test-method signature="runScenario(io.cucumber.testng.PickleWrapper,io.cucumber.testng.FeatureWrapper)[pri:0, instance:parallel.TestNGRunner@407a7f2a]" started-at="2024-04-22T09:15:55 CDT" name="runScenario" description="Runs Cucumber Scenarios" data-provider="scenarios" finished-at="2024-04-22T09:16:08 CDT" duration-ms="13209" status="PASS">
          <params>
            <param index="0">
              <value>
                <![CDATA["Try Editor validation for Linkedlist with testcodes"]]>
              </value>
            </param>
            <param index="1">
              <value>
                <![CDATA["Linkedlist Functionality with login"]]>
              </value>
            </param>
          </params>
          <reporter-output>
          </reporter-output>
        </test-method> <!-- runScenario -->
        <test-method signature="runScenario(io.cucumber.testng.PickleWrapper,io.cucumber.testng.FeatureWrapper)[pri:0, instance:parallel.TestNGRunner@407a7f2a]" started-at="2024-04-22T09:15:55 CDT" name="runScenario" description="Runs Cucumber Scenarios" data-provider="scenarios" finished-at="2024-04-22T09:16:08 CDT" duration-ms="12637" status="PASS">
          <params>
            <param index="0">
              <value>
                <![CDATA["Try Editor validation for Linkedlist with testcodes"]]>
              </value>
            </param>
            <param index="1">
              <value>
                <![CDATA["Linkedlist Functionality with login"]]>
              </value>
            </param>
          </params>
          <reporter-output>
          </reporter-output>
        </test-method> <!-- runScenario -->
        <test-method signature="runScenario(io.cucumber.testng.PickleWrapper,io.cucumber.testng.FeatureWrapper)[pri:0, instance:parallel.TestNGRunner@407a7f2a]" started-at="2024-04-22T09:16:00 CDT" name="runScenario" description="Runs Cucumber Scenarios" data-provider="scenarios" finished-at="2024-04-22T09:16:13 CDT" duration-ms="12596" status="PASS">
          <params>
            <param index="0">
              <value>
                <![CDATA["Try Editor validation for Linkedlist with testcodes"]]>
              </value>
            </param>
            <param index="1">
              <value>
                <![CDATA["Linkedlist Functionality with login"]]>
              </value>
            </param>
          </params>
          <reporter-output>
          </reporter-output>
        </test-method> <!-- runScenario -->
        <test-method signature="runScenario(io.cucumber.testng.PickleWrapper,io.cucumber.testng.FeatureWrapper)[pri:0, instance:parallel.TestNGRunner@407a7f2a]" started-at="2024-04-22T09:16:04 CDT" name="runScenario" description="Runs Cucumber Scenarios" data-provider="scenarios" finished-at="2024-04-22T09:16:16 CDT" duration-ms="11903" status="PASS">
          <params>
            <param index="0">
              <value>
                <![CDATA["Try Editor validation for Linkedlist with testcodes"]]>
              </value>
            </param>
            <param index="1">
              <value>
                <![CDATA["Linkedlist Functionality with login"]]>
              </value>
            </param>
          </params>
          <reporter-output>
          </reporter-output>
        </test-method> <!-- runScenario -->
        <test-method signature="runScenario(io.cucumber.testng.PickleWrapper,io.cucumber.testng.FeatureWrapper)[pri:0, instance:parallel.TestNGRunner@407a7f2a]" started-at="2024-04-22T09:16:06 CDT" name="runScenario" description="Runs Cucumber Scenarios" data-provider="scenarios" finished-at="2024-04-22T09:16:19 CDT" duration-ms="12700" status="PASS">
          <params>
            <param index="0">
              <value>
                <![CDATA["Try Editor validation for Stack with testcodes"]]>
              </value>
            </param>
            <param index="1">
              <value>
                <![CDATA["Stack Functionality with login"]]>
              </value>
            </param>
          </params>
          <reporter-output>
          </reporter-output>
        </test-method> <!-- runScenario -->
        <test-method signature="runScenario(io.cucumber.testng.PickleWrapper,io.cucumber.testng.FeatureWrapper)[pri:0, instance:parallel.TestNGRunner@407a7f2a]" started-at="2024-04-22T09:16:08 CDT" name="runScenario" description="Runs Cucumber Scenarios" data-provider="scenarios" finished-at="2024-04-22T09:16:20 CDT" duration-ms="12610" status="PASS">
          <params>
            <param index="0">
              <value>
                <![CDATA["Try Editor validation for Stack with testcodes"]]>
              </value>
            </param>
            <param index="1">
              <value>
                <![CDATA["Stack Functionality with login"]]>
              </value>
            </param>
          </params>
          <reporter-output>
          </reporter-output>
        </test-method> <!-- runScenario -->
        <test-method signature="runScenario(io.cucumber.testng.PickleWrapper,io.cucumber.testng.FeatureWrapper)[pri:0, instance:parallel.TestNGRunner@407a7f2a]" started-at="2024-04-22T09:16:08 CDT" name="runScenario" description="Runs Cucumber Scenarios" data-provider="scenarios" finished-at="2024-04-22T09:16:23 CDT" duration-ms="14316" status="PASS">
          <params>
            <param index="0">
              <value>
                <![CDATA["Try Editor validation for Stack with testcodes"]]>
              </value>
            </param>
            <param index="1">
              <value>
                <![CDATA["Stack Functionality with login"]]>
              </value>
            </param>
          </params>
          <reporter-output>
          </reporter-output>
        </test-method> <!-- runScenario -->
        <test-method signature="runScenario(io.cucumber.testng.PickleWrapper,io.cucumber.testng.FeatureWrapper)[pri:0, instance:parallel.TestNGRunner@407a7f2a]" started-at="2024-04-22T09:16:13 CDT" name="runScenario" description="Runs Cucumber Scenarios" data-provider="scenarios" finished-at="2024-04-22T09:16:25 CDT" duration-ms="11801" status="PASS">
          <params>
            <param index="0">
              <value>
                <![CDATA["Try Editor validation for Queue with testcodes"]]>
              </value>
            </param>
            <param index="1">
              <value>
                <![CDATA["Queue Functionality with login"]]>
              </value>
            </param>
          </params>
          <reporter-output>
          </reporter-output>
        </test-method> <!-- runScenario -->
        <test-method signature="runScenario(io.cucumber.testng.PickleWrapper,io.cucumber.testng.FeatureWrapper)[pri:0, instance:parallel.TestNGRunner@407a7f2a]" started-at="2024-04-22T09:16:16 CDT" name="runScenario" description="Runs Cucumber Scenarios" data-provider="scenarios" finished-at="2024-04-22T09:16:28 CDT" duration-ms="11583" status="PASS">
          <params>
            <param index="0">
              <value>
                <![CDATA["Try Editor validation for Queue with testcodes"]]>
              </value>
            </param>
            <param index="1">
              <value>
                <![CDATA["Queue Functionality with login"]]>
              </value>
            </param>
          </params>
          <reporter-output>
          </reporter-output>
        </test-method> <!-- runScenario -->
        <test-method signature="runScenario(io.cucumber.testng.PickleWrapper,io.cucumber.testng.FeatureWrapper)[pri:0, instance:parallel.TestNGRunner@407a7f2a]" started-at="2024-04-22T09:16:19 CDT" name="runScenario" description="Runs Cucumber Scenarios" data-provider="scenarios" finished-at="2024-04-22T09:16:32 CDT" duration-ms="12831" status="PASS">
          <params>
            <param index="0">
              <value>
                <![CDATA["Try Editor validation for Queue with testcodes"]]>
              </value>
            </param>
            <param index="1">
              <value>
                <![CDATA["Queue Functionality with login"]]>
              </value>
            </param>
          </params>
          <reporter-output>
          </reporter-output>
        </test-method> <!-- runScenario -->
        <test-method signature="runScenario(io.cucumber.testng.PickleWrapper,io.cucumber.testng.FeatureWrapper)[pri:0, instance:parallel.TestNGRunner@407a7f2a]" started-at="2024-04-22T09:16:20 CDT" name="runScenario" description="Runs Cucumber Scenarios" data-provider="scenarios" finished-at="2024-04-22T09:16:33 CDT" duration-ms="12650" status="PASS">
          <params>
            <param index="0">
              <value>
                <![CDATA["Try Editor validation for Queue with testcodes"]]>
              </value>
            </param>
            <param index="1">
              <value>
                <![CDATA["Queue Functionality with login"]]>
              </value>
            </param>
          </params>
          <reporter-output>
          </reporter-output>
        </test-method> <!-- runScenario -->
        <test-method signature="runScenario(io.cucumber.testng.PickleWrapper,io.cucumber.testng.FeatureWrapper)[pri:0, instance:parallel.TestNGRunner@407a7f2a]" started-at="2024-04-22T09:16:23 CDT" name="runScenario" description="Runs Cucumber Scenarios" data-provider="scenarios" finished-at="2024-04-22T09:16:35 CDT" duration-ms="12499" status="PASS">
          <params>
            <param index="0">
              <value>
                <![CDATA["Try Editor validation for Tree with testcodes"]]>
              </value>
            </param>
            <param index="1">
              <value>
                <![CDATA["Tree Functionality with login"]]>
              </value>
            </param>
          </params>
          <reporter-output>
          </reporter-output>
        </test-method> <!-- runScenario -->
        <test-method signature="runScenario(io.cucumber.testng.PickleWrapper,io.cucumber.testng.FeatureWrapper)[pri:0, instance:parallel.TestNGRunner@407a7f2a]" started-at="2024-04-22T09:16:25 CDT" name="runScenario" description="Runs Cucumber Scenarios" data-provider="scenarios" finished-at="2024-04-22T09:16:38 CDT" duration-ms="13072" status="PASS">
          <params>
            <param index="0">
              <value>
                <![CDATA["Try Editor validation for Tree with testcodes"]]>
              </value>
            </param>
            <param index="1">
              <value>
                <![CDATA["Tree Functionality with login"]]>
              </value>
            </param>
          </params>
          <reporter-output>
          </reporter-output>
        </test-method> <!-- runScenario -->
        <test-method signature="runScenario(io.cucumber.testng.PickleWrapper,io.cucumber.testng.FeatureWrapper)[pri:0, instance:parallel.TestNGRunner@407a7f2a]" started-at="2024-04-22T09:16:28 CDT" name="runScenario" description="Runs Cucumber Scenarios" data-provider="scenarios" finished-at="2024-04-22T09:16:40 CDT" duration-ms="12651" status="PASS">
          <params>
            <param index="0">
              <value>
                <![CDATA["Try Editor validation for Tree with testcodes"]]>
              </value>
            </param>
            <param index="1">
              <value>
                <![CDATA["Tree Functionality with login"]]>
              </value>
            </param>
          </params>
          <reporter-output>
          </reporter-output>
        </test-method> <!-- runScenario -->
        <test-method signature="runScenario(io.cucumber.testng.PickleWrapper,io.cucumber.testng.FeatureWrapper)[pri:0, instance:parallel.TestNGRunner@407a7f2a]" started-at="2024-04-22T09:16:32 CDT" name="runScenario" description="Runs Cucumber Scenarios" data-provider="scenarios" finished-at="2024-04-22T09:16:44 CDT" duration-ms="12281" status="PASS">
          <params>
            <param index="0">
              <value>
                <![CDATA["Try Editor validation for Tree with testcodes"]]>
              </value>
            </param>
            <param index="1">
              <value>
                <![CDATA["Tree Functionality with login"]]>
              </value>
            </param>
          </params>
          <reporter-output>
          </reporter-output>
        </test-method> <!-- runScenario -->
        <test-method signature="runScenario(io.cucumber.testng.PickleWrapper,io.cucumber.testng.FeatureWrapper)[pri:0, instance:parallel.TestNGRunner@407a7f2a]" started-at="2024-04-22T09:16:33 CDT" name="runScenario" description="Runs Cucumber Scenarios" data-provider="scenarios" finished-at="2024-04-22T09:16:46 CDT" duration-ms="13278" status="PASS">
          <params>
            <param index="0">
              <value>
                <![CDATA["Try Editor validation for Tree with testcodes"]]>
              </value>
            </param>
            <param index="1">
              <value>
                <![CDATA["Tree Functionality with login"]]>
              </value>
            </param>
          </params>
          <reporter-output>
          </reporter-output>
        </test-method> <!-- runScenario -->
        <test-method signature="runScenario(io.cucumber.testng.PickleWrapper,io.cucumber.testng.FeatureWrapper)[pri:0, instance:parallel.TestNGRunner@407a7f2a]" started-at="2024-04-22T09:16:35 CDT" name="runScenario" description="Runs Cucumber Scenarios" data-provider="scenarios" finished-at="2024-04-22T09:16:48 CDT" duration-ms="12928" status="PASS">
          <params>
            <param index="0">
              <value>
                <![CDATA["Try Editor validation for Tree with testcodes"]]>
              </value>
            </param>
            <param index="1">
              <value>
                <![CDATA["Tree Functionality with login"]]>
              </value>
            </param>
          </params>
          <reporter-output>
          </reporter-output>
        </test-method> <!-- runScenario -->
        <test-method signature="runScenario(io.cucumber.testng.PickleWrapper,io.cucumber.testng.FeatureWrapper)[pri:0, instance:parallel.TestNGRunner@407a7f2a]" started-at="2024-04-22T09:16:38 CDT" name="runScenario" description="Runs Cucumber Scenarios" data-provider="scenarios" finished-at="2024-04-22T09:16:52 CDT" duration-ms="13754" status="PASS">
          <params>
            <param index="0">
              <value>
                <![CDATA["Try Editor validation for Tree with testcodes"]]>
              </value>
            </param>
            <param index="1">
              <value>
                <![CDATA["Tree Functionality with login"]]>
              </value>
            </param>
          </params>
          <reporter-output>
          </reporter-output>
        </test-method> <!-- runScenario -->
        <test-method signature="runScenario(io.cucumber.testng.PickleWrapper,io.cucumber.testng.FeatureWrapper)[pri:0, instance:parallel.TestNGRunner@407a7f2a]" started-at="2024-04-22T09:16:40 CDT" name="runScenario" description="Runs Cucumber Scenarios" data-provider="scenarios" finished-at="2024-04-22T09:16:54 CDT" duration-ms="13399" status="PASS">
          <params>
            <param index="0">
              <value>
                <![CDATA["Try Editor validation for Tree with testcodes"]]>
              </value>
            </param>
            <param index="1">
              <value>
                <![CDATA["Tree Functionality with login"]]>
              </value>
            </param>
          </params>
          <reporter-output>
          </reporter-output>
        </test-method> <!-- runScenario -->
        <test-method signature="runScenario(io.cucumber.testng.PickleWrapper,io.cucumber.testng.FeatureWrapper)[pri:0, instance:parallel.TestNGRunner@407a7f2a]" started-at="2024-04-22T09:16:44 CDT" name="runScenario" description="Runs Cucumber Scenarios" data-provider="scenarios" finished-at="2024-04-22T09:16:57 CDT" duration-ms="13172" status="PASS">
          <params>
            <param index="0">
              <value>
                <![CDATA["Try Editor validation for Tree with testcodes"]]>
              </value>
            </param>
            <param index="1">
              <value>
                <![CDATA["Tree Functionality with login"]]>
              </value>
            </param>
          </params>
          <reporter-output>
          </reporter-output>
        </test-method> <!-- runScenario -->
        <test-method signature="runScenario(io.cucumber.testng.PickleWrapper,io.cucumber.testng.FeatureWrapper)[pri:0, instance:parallel.TestNGRunner@407a7f2a]" started-at="2024-04-22T09:16:46 CDT" name="runScenario" description="Runs Cucumber Scenarios" data-provider="scenarios" finished-at="2024-04-22T09:16:59 CDT" duration-ms="12959" status="PASS">
          <params>
            <param index="0">
              <value>
                <![CDATA["Try Editor validation for Tree with testcodes"]]>
              </value>
            </param>
            <param index="1">
              <value>
                <![CDATA["Tree Functionality with login"]]>
              </value>
            </param>
          </params>
          <reporter-output>
          </reporter-output>
        </test-method> <!-- runScenario -->
        <test-method signature="runScenario(io.cucumber.testng.PickleWrapper,io.cucumber.testng.FeatureWrapper)[pri:0, instance:parallel.TestNGRunner@407a7f2a]" started-at="2024-04-22T09:16:48 CDT" name="runScenario" description="Runs Cucumber Scenarios" data-provider="scenarios" finished-at="2024-04-22T09:17:00 CDT" duration-ms="12042" status="PASS">
          <params>
            <param index="0">
              <value>
                <![CDATA["Try Editor validation for Tree with testcodes"]]>
              </value>
            </param>
            <param index="1">
              <value>
                <![CDATA["Tree Functionality with login"]]>
              </value>
            </param>
          </params>
          <reporter-output>
          </reporter-output>
        </test-method> <!-- runScenario -->
        <test-method signature="runScenario(io.cucumber.testng.PickleWrapper,io.cucumber.testng.FeatureWrapper)[pri:0, instance:parallel.TestNGRunner@407a7f2a]" started-at="2024-04-22T09:16:52 CDT" name="runScenario" description="Runs Cucumber Scenarios" data-provider="scenarios" finished-at="2024-04-22T09:17:04 CDT" duration-ms="12471" status="PASS">
          <params>
            <param index="0">
              <value>
                <![CDATA["Try Editor validation for Tree with testcodes"]]>
              </value>
            </param>
            <param index="1">
              <value>
                <![CDATA["Tree Functionality with login"]]>
              </value>
            </param>
          </params>
          <reporter-output>
          </reporter-output>
        </test-method> <!-- runScenario -->
        <test-method signature="runScenario(io.cucumber.testng.PickleWrapper,io.cucumber.testng.FeatureWrapper)[pri:0, instance:parallel.TestNGRunner@407a7f2a]" started-at="2024-04-22T09:16:54 CDT" name="runScenario" description="Runs Cucumber Scenarios" data-provider="scenarios" finished-at="2024-04-22T09:17:06 CDT" duration-ms="12347" status="PASS">
          <params>
            <param index="0">
              <value>
                <![CDATA["Try Editor validation for Tree with testcodes"]]>
              </value>
            </param>
            <param index="1">
              <value>
                <![CDATA["Tree Functionality with login"]]>
              </value>
            </param>
          </params>
          <reporter-output>
          </reporter-output>
        </test-method> <!-- runScenario -->
        <test-method signature="runScenario(io.cucumber.testng.PickleWrapper,io.cucumber.testng.FeatureWrapper)[pri:0, instance:parallel.TestNGRunner@407a7f2a]" started-at="2024-04-22T09:16:57 CDT" name="runScenario" description="Runs Cucumber Scenarios" data-provider="scenarios" finished-at="2024-04-22T09:17:10 CDT" duration-ms="12393" status="PASS">
          <params>
            <param index="0">
              <value>
                <![CDATA["Try Editor validation for Graph with testcodes"]]>
              </value>
            </param>
            <param index="1">
              <value>
                <![CDATA["Graph Functionality with login"]]>
              </value>
            </param>
          </params>
          <reporter-output>
          </reporter-output>
        </test-method> <!-- runScenario -->
        <test-method signature="runScenario(io.cucumber.testng.PickleWrapper,io.cucumber.testng.FeatureWrapper)[pri:0, instance:parallel.TestNGRunner@407a7f2a]" started-at="2024-04-22T09:16:59 CDT" name="runScenario" description="Runs Cucumber Scenarios" data-provider="scenarios" finished-at="2024-04-22T09:17:12 CDT" duration-ms="12374" status="PASS">
          <params>
            <param index="0">
              <value>
                <![CDATA["Try Editor validation for Graph with testcodes"]]>
              </value>
            </param>
            <param index="1">
              <value>
                <![CDATA["Graph Functionality with login"]]>
              </value>
            </param>
          </params>
          <reporter-output>
          </reporter-output>
        </test-method> <!-- runScenario -->
        <test-method is-config="true" signature="tearDownClass()[pri:0, instance:parallel.TestNGRunner@407a7f2a]" started-at="2024-04-22T09:17:12 CDT" name="tearDownClass" finished-at="2024-04-22T09:17:15 CDT" duration-ms="3077" status="PASS">
          <reporter-output>
          </reporter-output>
        </test-method> <!-- tearDownClass -->
      </class> <!-- parallel.TestNGRunner -->
    </test> <!-- Default test -->
  </suite> <!-- Default suite -->
</testng-results>
